Removed Pin From Net: NetName=EHV Pin=DD2-6
Removed Pin From Net: NetName=EASS Pin=DD2-7
Removed Pin From Net: NetName=CONT2U Pin=DD2-8
Removed Pin From Net: NetName=CONT2ASS Pin=DD2-9
Removed Pin From Net: NetName=EMU2 Pin=DD2-20
Removed Pin From Net: NetName=EMU1 Pin=DD2-21
Removed Pin From Net: NetName=F Pin=DD2-33
Removed Pin From Net: NetName=2F Pin=DD2-34
Removed Pin From Net: NetName=TX Pin=DD2-48
Removed Pin From Net: NetName=RX Pin=DD2-49
Removed Pin From Net: NetName=R\E\ Pin=DD2-62
Removed Pin From Net: NetName=DE Pin=DD2-63
Removed Pin From Net: NetName=K=4 Pin=DD2-86
Removed Pin From Net: NetName=K=8 Pin=DD2-87
Removed Pin From Net: NetName=P_F Pin=DD2-92
Removed Pin From Net: NetName=P_I Pin=DD2-93
Change Component Comment : Designator=DD1 Old Comment=LPC2364FBD100 New Comment=LPC1768FBD100
Change Component Library : Designator=DD1 Old Library=nxp_LPC2000.IntLib New Library=NXP LPC2000.IntLib
Added Pin To Net: NetName=EHV Pin=DD1-6
Added Pin To Net: NetName=EASS Pin=DD1-7
Added Pin To Net: NetName=CONT2U Pin=DD1-8
Added Pin To Net: NetName=CONT2ASS Pin=DD1-9
Added Pin To Net: NetName=EMU2 Pin=DD1-20
Added Pin To Net: NetName=EMU1 Pin=DD1-21
Added Pin To Net: NetName=F Pin=DD1-33
Added Pin To Net: NetName=2F Pin=DD1-34
Added Pin To Net: NetName=TX Pin=DD1-48
Added Pin To Net: NetName=RX Pin=DD1-49
Added Pin To Net: NetName=R\E\ Pin=DD1-62
Added Pin To Net: NetName=DE Pin=DD1-63
Added Pin To Net: NetName=K=4 Pin=DD1-86
Added Pin To Net: NetName=K=8 Pin=DD1-87
Added Pin To Net: NetName=P_F Pin=DD1-92
Added Pin To Net: NetName=P_I Pin=DD1-93
