Removed Pin From Net: NetName=+EGB Pin=X1-1
Removed Pin From Net: NetName=NetX3_2 Pin=X4-1
Removed Pin From Net: NetName=GND_EXT Pin=X11-1
Removed Pin From Net: NetName=GND Pin=X41-1
Removed Pin From Net: NetName=NetVT3_3 Pin=X42-1
Removed Pin From Net: NetName=NetVT4_3 Pin=X43-1
Change Component DesignItemId : Designator=X4 Old DesignItemId=5esd New DesignItemId=09 18 110 9621
Change Component Footprint: Designator=X4 Old Footprint=5esd New Footprint=idc10_2
Change Component Comment : Designator=X4 Old Comment=5esd New Comment=IDC10M
Added Component: Designator=X?(IDC10RM)
Added Pin To Net: NetName=NetX3_2 Pin=X4-2
Added Pin To Net: NetName=GND Pin=X4-4
Added Pin To Net: NetName=GND Pin=X4-5
Added Pin To Net: NetName=NetVT3_3 Pin=X4-6
Added Pin To Net: NetName=TX Pin=X4-7
Added Pin To Net: NetName=NetVT4_3 Pin=X4-8
Added Pin To Net: NetName=RX Pin=X4-9
Added Pin To Net: NetName=+EGB Pin=X4-10
Added Pin To Net: NetName=RS485_A Pin=DA6-6
Added Pin To Net: NetName=RS485_A Pin=X4-1
Added Net: Name=RS485_A
Added Pin To Net: NetName=RS485_B Pin=DA6-7
Added Pin To Net: NetName=RS485_B Pin=X4-3
Added Net: Name=RS485_B
