Removed Pin From Net: NetName=P_I Pin=DA5-22
Removed Pin From Net: NetName=P_F Pin=DA5-25
Removed Pin From Net: NetName=F Pin=DA5-42
Removed Pin From Net: NetName=2F Pin=DA5-46
Removed Pin From Net: NetName=P_F Pin=X42-1
Removed Pin From Net: NetName=P_I Pin=X43-1
Change Component Comment : Designator=DA5 Old Comment=STM32F1008 New Comment=STM32F100C8
Added Pin To Net: NetName=F Pin=DA5-16
Added Pin To Net: NetName=2F Pin=DA5-17
Added Pin To Net: NetName=P_I Pin=DA5-45
Added Pin To Net: NetName=P_F Pin=DA5-46
Added Pin To Net: NetName=D\E\ Pin=DA5-29
Added Pin To Net: NetName=D\E\ Pin=DA6-2
Added Net: Name=D\E\
Added Pin To Net: NetName=DE Pin=DA5-32
Added Pin To Net: NetName=DE Pin=DA6-3
Added Net: Name=DE
Added Pin To Net: NetName=NetVT3_3 Pin=VT3-3
Added Pin To Net: NetName=NetVT3_3 Pin=X42-1
Added Net: Name=NetVT3_3
Added Pin To Net: NetName=NetVT4_3 Pin=VT4-3
Added Pin To Net: NetName=NetVT4_3 Pin=X43-1
Added Net: Name=NetVT4_3
Added Pin To Net: NetName=RX Pin=DA5-31
Added Pin To Net: NetName=RX Pin=DA6-1
Added Net: Name=RX
Added Pin To Net: NetName=TX Pin=DA5-30
Added Pin To Net: NetName=TX Pin=DA6-4
Added Net: Name=TX
