Added Component: Designator=C1(CC1812)
Added Component: Designator=C2(CC1812)
Added Component: Designator=C3(CC1812)
Added Component: Designator=C4(CC1812)
Added Component: Designator=C5(CC1812)
Added Component: Designator=C6(CC1812)
Added Component: Designator=C7(CC1812)
Added Component: Designator=C9(CC0805)
Added Component: Designator=C10(CC0805)
Added Component: Designator=C14(CC0805)
Added Component: Designator=C15(CC0805)
Added Component: Designator=C17(CC0805)
Added Component: Designator=C18(CC0805)
Added Component: Designator=C19(CC0805)
Added Component: Designator=C20(CAPASITOR C)
Added Component: Designator=C22(CC0805)
Added Component: Designator=C23(CC0805)
Added Component: Designator=C24(CC0805)
Added Component: Designator=C25(CC0805)
Added Component: Designator=C27(CC0805)
Added Component: Designator=C28(CC0805)
Added Component: Designator=C29(CC0805)
Added Component: Designator=C30(CC1812)
Added Component: Designator=C31(CC0805)
Added Component: Designator=C32(CC0805)
Added Component: Designator=C33(CAPASITOR C)
Added Component: Designator=C98(CC0805)
Added Component: Designator=C99(CC0805)
Added Component: Designator=C100(CC0805)
Added Component: Designator=DA1(NSO8_N)
Added Component: Designator=DA2(sot23)
Added Component: Designator=DA3(Am1p)
Added Component: Designator=DA4(182H_N)
Added Component: Designator=DD1.2(D014_N)
Added Component: Designator=DD3(SOIC16_N)
Added Component: Designator=L1(CDR127)
Added Component: Designator=R1(RR0805)
Added Component: Designator=R2(RES20MM)
Added Component: Designator=R3(RES20MM)
Added Component: Designator=R4(RR0805)
Added Component: Designator=R5(RR0805)
Added Component: Designator=R6(RR0805)
Added Component: Designator=R7(RR0805)
Added Component: Designator=R8(RR0805)
Added Component: Designator=R9(RR0805)
Added Component: Designator=R10(SIP3)
Added Component: Designator=R12(RR0805)
Added Component: Designator=R13(SIP3)
Added Component: Designator=R14(RR0805)
Added Component: Designator=R15(CAY16-F4)
Added Component: Designator=R17(SIP3)
Added Component: Designator=R18(CAY16-F4)
Added Component: Designator=R19(SIP3)
Added Component: Designator=R21(RR0805)
Added Component: Designator=R22(CAY16-F4)
Added Component: Designator=R24(RR0805)
Added Component: Designator=R25(RR0805)
Added Component: Designator=R26(RR0805)
Added Component: Designator=R27(RES20MM)
Added Component: Designator=R28(RR0805)
Added Component: Designator=R29(RR0805)
Added Component: Designator=R30(RR0805)
Added Component: Designator=R31(SIP3)
Added Component: Designator=R33(RR0805)
Added Component: Designator=TV1(kv4)
Added Component: Designator=VD1(DO214)
Added Component: Designator=VD2(DO214)
Added Component: Designator=VD3(DO214)
Added Component: Designator=VD4(DO214)
Added Component: Designator=VD5(DO214)
Added Component: Designator=VD6(DO214)
Added Component: Designator=VD7(DO214)
Added Component: Designator=VD8(DO214)
Added Component: Designator=VD9(SOT23_N)
Added Component: Designator=VD10(SOT23_N)
Added Component: Designator=VD11(SOT23_N)
Added Component: Designator=VD12(SOT23_N)
Added Component: Designator=VT1(SOT-223)
Added Component: Designator=VT2(TO-220AB)
Added Component: Designator=VT3(TO-220AB)
Added Component: Designator=X3(PLS-3 2.54)
Added Component: Designator=X4(PLS-3 2.54)
Added Component: Designator=X5(PLS-3 2.54)
Added Pin To Net: NetName=+3.3V Pin=C24-2
Added Pin To Net: NetName=+3.3V Pin=DD1.2-2
Added Pin To Net: NetName=+3.3V Pin=DD1.2-4
Added Pin To Net: NetName=+3.3V Pin=DD1.2-13
Added Pin To Net: NetName=+3.3V Pin=DD3-11
Added Pin To Net: NetName=+3.3V Pin=R19-1
Added Net: Name=+3.3V
Added Pin To Net: NetName=+12.6V Pin=C20-1
Added Pin To Net: NetName=+12.6V Pin=C98-2
Added Pin To Net: NetName=+12.6V Pin=DA3-4
Added Pin To Net: NetName=+12.6V Pin=DD3-3
Added Pin To Net: NetName=+12.6V Pin=VD11-3
Added Net: Name=+12.6V
Added Pin To Net: NetName=+24V Pin=C22-2
Added Pin To Net: NetName=+24V Pin=C28-2
Added Pin To Net: NetName=+24V Pin=DA3-5
Added Pin To Net: NetName=+24V Pin=DA4-7
Added Pin To Net: NetName=+24V Pin=R15-8
Added Net: Name=+24V
Added Pin To Net: NetName=-3.3V Pin=R17-3
Added Net: Name=-3.3V
Added Pin To Net: NetName=-24V Pin=C23-1
Added Pin To Net: NetName=-24V Pin=C29-1
Added Pin To Net: NetName=-24V Pin=DA3-8
Added Pin To Net: NetName=-24V Pin=DA4-4
Added Pin To Net: NetName=-24V Pin=R15-2
Added Net: Name=-24V
Added Pin To Net: NetName=GND_EXT Pin=C20-2
Added Pin To Net: NetName=GND_EXT Pin=C32-1
Added Pin To Net: NetName=GND_EXT Pin=C33-2
Added Pin To Net: NetName=GND_EXT Pin=C98-1
Added Pin To Net: NetName=GND_EXT Pin=DA3-1
Added Net: Name=GND_EXT
Added Pin To Net: NetName=GND Pin=C10-2
Added Pin To Net: NetName=GND Pin=C14-2
Added Pin To Net: NetName=GND Pin=C15-2
Added Pin To Net: NetName=GND Pin=C17-2
Added Pin To Net: NetName=GND Pin=C18-2
Added Pin To Net: NetName=GND Pin=C19-1
Added Pin To Net: NetName=GND Pin=C24-1
Added Pin To Net: NetName=GND Pin=C25-1
Added Pin To Net: NetName=GND Pin=C28-1
Added Pin To Net: NetName=GND Pin=C29-2
Added Pin To Net: NetName=GND Pin=C31-1
Added Pin To Net: NetName=GND Pin=C99-1
Added Pin To Net: NetName=GND Pin=C100-1
Added Pin To Net: NetName=GND Pin=DA1-4
Added Pin To Net: NetName=GND Pin=DA2-3
Added Pin To Net: NetName=GND Pin=DD1.2-1
Added Pin To Net: NetName=GND Pin=DD1.2-7
Added Pin To Net: NetName=GND Pin=DD1.2-10
Added Pin To Net: NetName=GND Pin=DD3-2
Added Pin To Net: NetName=GND Pin=R4-1
Added Pin To Net: NetName=GND Pin=R10-3
Added Pin To Net: NetName=GND Pin=R14-2
Added Pin To Net: NetName=GND Pin=R19-3
Added Pin To Net: NetName=GND Pin=R29-1
Added Pin To Net: NetName=GND Pin=R31-1
Added Pin To Net: NetName=GND Pin=R31-2
Added Pin To Net: NetName=GND Pin=VD1-1
Added Pin To Net: NetName=GND Pin=VD10-3
Added Pin To Net: NetName=GND Pin=VD12-3
Added Pin To Net: NetName=GND Pin=VT1-3
Added Pin To Net: NetName=GND Pin=VT3-3
Added Net: Name=GND
Added Pin To Net: NetName=NetC1_1 Pin=C1-1
Added Pin To Net: NetName=NetC1_1 Pin=TV1-1
Added Net: Name=NetC1_1
Added Pin To Net: NetName=NetC1_2 Pin=C1-2
Added Pin To Net: NetName=NetC1_2 Pin=C2-1
Added Pin To Net: NetName=NetC1_2 Pin=VD1-2
Added Pin To Net: NetName=NetC1_2 Pin=VD2-1
Added Net: Name=NetC1_2
Added Pin To Net: NetName=NetC2_2 Pin=C2-2
Added Pin To Net: NetName=NetC2_2 Pin=C4-1
Added Pin To Net: NetName=NetC2_2 Pin=VD3-2
Added Pin To Net: NetName=NetC2_2 Pin=VD4-1
Added Net: Name=NetC2_2
Added Pin To Net: NetName=NetC3_1 Pin=C3-1
Added Pin To Net: NetName=NetC3_1 Pin=VD2-2
Added Pin To Net: NetName=NetC3_1 Pin=VD3-1
Added Net: Name=NetC3_1
Added Pin To Net: NetName=NetC3_2 Pin=C3-2
Added Pin To Net: NetName=NetC3_2 Pin=C5-1
Added Pin To Net: NetName=NetC3_2 Pin=VD4-2
Added Pin To Net: NetName=NetC3_2 Pin=VD5-1
Added Net: Name=NetC3_2
Added Pin To Net: NetName=NetC4_2 Pin=C4-2
Added Pin To Net: NetName=NetC4_2 Pin=C6-1
Added Pin To Net: NetName=NetC4_2 Pin=VD5-2
Added Pin To Net: NetName=NetC4_2 Pin=VD6-1
Added Net: Name=NetC4_2
Added Pin To Net: NetName=NetC5_2 Pin=C5-2
Added Pin To Net: NetName=NetC5_2 Pin=C7-1
Added Pin To Net: NetName=NetC5_2 Pin=VD6-2
Added Pin To Net: NetName=NetC5_2 Pin=VD7-1
Added Net: Name=NetC5_2
Added Pin To Net: NetName=NetC6_2 Pin=C6-2
Added Pin To Net: NetName=NetC6_2 Pin=VD7-2
Added Pin To Net: NetName=NetC6_2 Pin=VD8-1
Added Net: Name=NetC6_2
Added Pin To Net: NetName=NetC7_2 Pin=C7-2
Added Pin To Net: NetName=NetC7_2 Pin=R2-2
Added Pin To Net: NetName=NetC7_2 Pin=VD8-2
Added Pin To Net: NetName=NetC7_2 Pin=VT2-2
Added Net: Name=NetC7_2
Added Pin To Net: NetName=NetC9_1 Pin=C9-1
Added Pin To Net: NetName=NetC9_1 Pin=R5-2
Added Net: Name=NetC9_1
Added Pin To Net: NetName=NetC9_2 Pin=C9-2
Added Pin To Net: NetName=NetC9_2 Pin=DA1-1
Added Pin To Net: NetName=NetC9_2 Pin=R6-1
Added Net: Name=NetC9_2
Added Pin To Net: NetName=NetC10_1 Pin=C10-1
Added Pin To Net: NetName=NetC10_1 Pin=R8-1
Added Net: Name=NetC10_1
Added Pin To Net: NetName=NetC14_1 Pin=C14-1
Added Pin To Net: NetName=NetC14_1 Pin=R6-2
Added Pin To Net: NetName=NetC14_1 Pin=VD9-1
Added Net: Name=NetC14_1
Added Pin To Net: NetName=NetC15_1 Pin=C15-1
Added Pin To Net: NetName=NetC15_1 Pin=R7-2
Added Pin To Net: NetName=NetC15_1 Pin=VD9-3
Added Net: Name=NetC15_1
Added Pin To Net: NetName=NetC17_1 Pin=C17-1
Added Pin To Net: NetName=NetC17_1 Pin=DA2-1
Added Net: Name=NetC17_1
Added Pin To Net: NetName=NetC18_1 Pin=C18-1
Added Net: Name=NetC18_1
Added Pin To Net: NetName=NetC19_2 Pin=C19-2
Added Pin To Net: NetName=NetC19_2 Pin=R12-2
Added Net: Name=NetC19_2
Added Pin To Net: NetName=NetC22_1 Pin=C22-1
Added Pin To Net: NetName=NetC22_1 Pin=C23-2
Added Pin To Net: NetName=NetC22_1 Pin=DA3-6
Added Pin To Net: NetName=NetC22_1 Pin=DA3-7
Added Pin To Net: NetName=NetC22_1 Pin=R15-4
Added Pin To Net: NetName=NetC22_1 Pin=R15-6
Added Net: Name=NetC22_1
Added Pin To Net: NetName=NetC25_2 Pin=C25-2
Added Pin To Net: NetName=NetC25_2 Pin=DA1-8
Added Net: Name=NetC25_2
Added Pin To Net: NetName=NetC27_1 Pin=C27-1
Added Pin To Net: NetName=NetC27_1 Pin=DD3-6
Added Pin To Net: NetName=NetC27_1 Pin=R24-2
Added Pin To Net: NetName=NetC27_1 Pin=VT2-3
Added Net: Name=NetC27_1
Added Pin To Net: NetName=NetC27_2 Pin=C27-2
Added Pin To Net: NetName=NetC27_2 Pin=DD3-7
Added Pin To Net: NetName=NetC27_2 Pin=VD11-1
Added Pin To Net: NetName=NetC27_2 Pin=VD11-2
Added Net: Name=NetC27_2
Added Pin To Net: NetName=NetC30_1 Pin=C30-1
Added Pin To Net: NetName=NetC30_1 Pin=R24-1
Added Pin To Net: NetName=NetC30_1 Pin=R25-1
Added Net: Name=NetC30_1
Added Pin To Net: NetName=NetC30_2 Pin=C30-2
Added Pin To Net: NetName=NetC30_2 Pin=R27-2
Added Net: Name=NetC30_2
Added Pin To Net: NetName=NetC31_2 Pin=C31-2
Added Pin To Net: NetName=NetC31_2 Pin=R26-2
Added Pin To Net: NetName=NetC31_2 Pin=R27-1
Added Pin To Net: NetName=NetC31_2 Pin=R28-2
Added Net: Name=NetC31_2
Added Pin To Net: NetName=NetC32_2 Pin=C32-2
Added Pin To Net: NetName=NetC32_2 Pin=L1-1
Added Net: Name=NetC32_2
Added Pin To Net: NetName=NetC33_1 Pin=C33-1
Added Pin To Net: NetName=NetC33_1 Pin=L1-2
Added Pin To Net: NetName=NetC33_1 Pin=TV1-3
Added Net: Name=NetC33_1
Added Pin To Net: NetName=NetC99_2 Pin=C99-2
Added Pin To Net: NetName=NetC99_2 Pin=DA4-2
Added Pin To Net: NetName=NetC99_2 Pin=R18-1
Added Pin To Net: NetName=NetC99_2 Pin=R18-3
Added Pin To Net: NetName=NetC99_2 Pin=R18-5
Added Pin To Net: NetName=NetC99_2 Pin=R18-7
Added Pin To Net: NetName=NetC99_2 Pin=R21-1
Added Net: Name=NetC99_2
Added Pin To Net: NetName=NetC100_2 Pin=C100-2
Added Pin To Net: NetName=NetC100_2 Pin=DA4-8
Added Net: Name=NetC100_2
Added Pin To Net: NetName=NetDA1_2 Pin=DA1-2
Added Pin To Net: NetName=NetDA1_2 Pin=DA1-5
Added Pin To Net: NetName=NetDA1_2 Pin=R3-1
Added Pin To Net: NetName=NetDA1_2 Pin=R4-2
Added Pin To Net: NetName=NetDA1_2 Pin=R5-1
Added Net: Name=NetDA1_2
Added Pin To Net: NetName=NetDA1_3 Pin=DA1-3
Added Pin To Net: NetName=NetDA1_3 Pin=R10-2
Added Pin To Net: NetName=NetDA1_3 Pin=X3-2
Added Net: Name=NetDA1_3
Added Pin To Net: NetName=NetDA1_6 Pin=DA1-6
Added Pin To Net: NetName=NetDA1_6 Pin=DA1-7
Added Pin To Net: NetName=NetDA1_6 Pin=R8-2
Added Pin To Net: NetName=NetDA1_6 Pin=VD10-1
Added Pin To Net: NetName=NetDA1_6 Pin=VD10-2
Added Net: Name=NetDA1_6
Added Pin To Net: NetName=NetDA2_2 Pin=DA2-2
Added Pin To Net: NetName=NetDA2_2 Pin=R9-1
Added Net: Name=NetDA2_2
Added Pin To Net: NetName=NetDA4_6 Pin=DA4-6
Added Pin To Net: NetName=NetDA4_6 Pin=R21-2
Added Pin To Net: NetName=NetDA4_6 Pin=R26-1
Added Net: Name=NetDA4_6
Added Pin To Net: NetName=NetDD1.2_3 Pin=DD1.2-3
Added Pin To Net: NetName=NetDD1.2_3 Pin=DD1.2-8
Added Pin To Net: NetName=NetDD1.2_3 Pin=DD1.2-12
Added Pin To Net: NetName=NetDD1.2_3 Pin=DD3-14
Added Pin To Net: NetName=NetDD1.2_3 Pin=R14-1
Added Pin To Net: NetName=NetDD1.2_3 Pin=X4-2
Added Net: Name=NetDD1.2_3
Added Pin To Net: NetName=NetDD1.2_6 Pin=DD1.2-6
Added Pin To Net: NetName=NetDD1.2_6 Pin=R7-1
Added Pin To Net: NetName=NetDD1.2_6 Pin=R33-2
Added Net: Name=NetDD1.2_6
Added Pin To Net: NetName=NetDD1.2_9 Pin=DD1.2-9
Added Pin To Net: NetName=NetDD1.2_9 Pin=DD3-12
Added Net: Name=NetDD1.2_9
Added Pin To Net: NetName=NetDD2_3 Pin=R13-1
Added Pin To Net: NetName=NetDD2_3 Pin=R13-2
Added Net: Name=NetDD2_3
Added Pin To Net: NetName=NetDD2_4 Pin=X4-3
Added Net: Name=NetDD2_4
Added Pin To Net: NetName=NetDD3_1 Pin=DD3-1
Added Pin To Net: NetName=NetDD3_1 Pin=R22-2
Added Pin To Net: NetName=NetDD3_1 Pin=R22-4
Added Net: Name=NetDD3_1
Added Pin To Net: NetName=NetDD3_8 Pin=DD3-8
Added Pin To Net: NetName=NetDD3_8 Pin=R22-6
Added Pin To Net: NetName=NetDD3_8 Pin=R22-8
Added Net: Name=NetDD3_8
Added Pin To Net: NetName=NetR1_1 Pin=R1-1
Added Pin To Net: NetName=NetR1_1 Pin=VT1-1
Added Net: Name=NetR1_1
Added Pin To Net: NetName=NetR1_2 Pin=R1-2
Added Pin To Net: NetName=NetR1_2 Pin=R33-1
Added Net: Name=NetR1_2
Added Pin To Net: NetName=NetR2_1 Pin=R2-1
Added Pin To Net: NetName=NetR2_1 Pin=R3-2
Added Net: Name=NetR2_1
Added Pin To Net: NetName=NetR9_2 Pin=R9-2
Added Pin To Net: NetName=NetR9_2 Pin=R10-1
Added Net: Name=NetR9_2
Added Pin To Net: NetName=NetR12_1 Pin=R12-1
Added Pin To Net: NetName=NetR12_1 Pin=R13-3
Added Net: Name=NetR12_1
Added Pin To Net: NetName=NetR15_1 Pin=R15-1
Added Pin To Net: NetName=NetR15_1 Pin=R15-3
Added Net: Name=NetR15_1
Added Pin To Net: NetName=NetR15_5 Pin=R15-5
Added Pin To Net: NetName=NetR15_5 Pin=R15-7
Added Net: Name=NetR15_5
Added Pin To Net: NetName=NetR17_1 Pin=R17-1
Added Pin To Net: NetName=NetR17_1 Pin=R17-2
Added Pin To Net: NetName=NetR17_1 Pin=R18-6
Added Pin To Net: NetName=NetR17_1 Pin=R18-8
Added Net: Name=NetR17_1
Added Pin To Net: NetName=NetR18_2 Pin=R18-2
Added Pin To Net: NetName=NetR18_2 Pin=R18-4
Added Pin To Net: NetName=NetR18_2 Pin=X5-2
Added Net: Name=NetR18_2
Added Pin To Net: NetName=NetR19_2 Pin=R19-2
Added Pin To Net: NetName=NetR19_2 Pin=X5-3
Added Net: Name=NetR19_2
Added Pin To Net: NetName=NetR22_1 Pin=R22-1
Added Pin To Net: NetName=NetR22_1 Pin=R22-3
Added Pin To Net: NetName=NetR22_1 Pin=VT3-1
Added Net: Name=NetR22_1
Added Pin To Net: NetName=NetR22_5 Pin=R22-5
Added Pin To Net: NetName=NetR22_5 Pin=R22-7
Added Pin To Net: NetName=NetR22_5 Pin=VT2-1
Added Net: Name=NetR22_5
Added Pin To Net: NetName=NetR25_2 Pin=R25-2
Added Pin To Net: NetName=NetR25_2 Pin=VT3-2
Added Net: Name=NetR25_2
Added Pin To Net: NetName=NetR28_1 Pin=R28-1
Added Pin To Net: NetName=NetR28_1 Pin=R29-2
Added Pin To Net: NetName=NetR28_1 Pin=R30-2
Added Pin To Net: NetName=NetR28_1 Pin=VD12-1
Added Net: Name=NetR28_1
Added Pin To Net: NetName=NetR30_1 Pin=R30-1
Added Pin To Net: NetName=NetR30_1 Pin=R31-3
Added Net: Name=NetR30_1
Added Pin To Net: NetName=NetTV1_4 Pin=TV1-4
Added Pin To Net: NetName=NetTV1_4 Pin=TV1-5
Added Pin To Net: NetName=NetTV1_4 Pin=VT1-2
Added Pin To Net: NetName=NetTV1_4 Pin=VT1-4
Added Net: Name=NetTV1_4
Added Pin To Net: NetName=VCC Pin=DD1.2-14
Added Net: Name=VCC
