Removed Pin From Net: NetName=GND Pin=DD1.2-7
Removed Pin From Net: NetName=NetR9_2 Pin=R10-1
Removed Pin From Net: NetName=GND Pin=R10-3
Removed Pin From Net: NetName=-24V Pin=R15-2
Removed Pin From Net: NetName=+24V Pin=R15-8
Removed Pin From Net: NetName=NetR17_1 Pin=R18-6
Removed Pin From Net: NetName=NetR17_1 Pin=R18-8
Removed Pin From Net: NetName=+3.3V Pin=R19-1
Removed Pin From Net: NetName=GND Pin=R19-3
Removed Pin From Net: NetName=NetDD3_1 Pin=R22-2
Removed Pin From Net: NetName=NetDD3_1 Pin=R22-4
Removed Pin From Net: NetName=NetDD3_8 Pin=R22-6
Removed Pin From Net: NetName=NetDD3_8 Pin=R22-8
Removed Pin From Net: NetName=GND Pin=R31-1
Removed Pin From Net: NetName=GND Pin=R31-2
Removed Pin From Net: NetName=NetR30_1 Pin=R31-3
Removed Pin From Net: NetName=GND Pin=VD1-1
Removed Pin From Net: NetName=NetDA1_6 Pin=VD10-1
Removed Pin From Net: NetName=NetDA1_6 Pin=VD10-2
Removed Pin From Net: NetName=GND Pin=VT1-3
Change Component DesignItemId : Designator=R13 Old DesignItemId=3296W New DesignItemId=82p
Change Component DesignItemId : Designator=R17 Old DesignItemId=3296W New DesignItemId=82p
Change Component DesignItemId : Designator=R31 Old DesignItemId=3296W New DesignItemId=82p
Change Component DesignItemId : Designator=R10 Old DesignItemId=3296W New DesignItemId=R_0805
Change Component DesignItemId : Designator=R15 Old DesignItemId=CAY16-J4 New DesignItemId=R_0805
Change Component DesignItemId : Designator=R18 Old DesignItemId=CAY16-J4 New DesignItemId=R_0805
Change Component DesignItemId : Designator=R22 Old DesignItemId=CAY16-J4 New DesignItemId=R_0805
Change Component Footprint: Designator=R15 Old Footprint=CAY16-F4 New Footprint=RR0805
Change Component Footprint: Designator=R18 Old Footprint=CAY16-F4 New Footprint=RR0805
Change Component Footprint: Designator=R22 Old Footprint=CAY16-F4 New Footprint=RR0805
Change Component Footprint: Designator=R13 Old Footprint=SIP3 New Footprint=82p
Change Component Footprint: Designator=R17 Old Footprint=SIP3 New Footprint=82p
Change Component Footprint: Designator=R31 Old Footprint=SIP3 New Footprint=82p
Change Component Footprint: Designator=R10 Old Footprint=SIP3 New Footprint=RR0805
Change Component Comment : Designator=R13 Old Comment=3296W New Comment=82p
Change Component Comment : Designator=R17 Old Comment=3296W New Comment=82p
Change Component Comment : Designator=R31 Old Comment=3296W New Comment=82p
Change Component Comment : Designator=R10 Old Comment=3296W New Comment=
Change Component Comment : Designator=R15 Old Comment=CAY16-J4 New Comment=
Change Component Comment : Designator=R18 Old Comment=CAY16-J4 New Comment=
Change Component Comment : Designator=R22 Old Comment=CAY16-J4 New Comment=
Change Component Comment : Designator=L1 Old Comment=LQH43CN10K New Comment=LQH43CN101K
Change Component Designator: OldDesignator=C10 NewDesignator=C16
Change Component Designator: OldDesignator=C25 NewDesignator=C10
Change Component Designator: OldDesignator=C98 NewDesignator=C21
Change Component Designator: OldDesignator=C99 NewDesignator=C25
Change Component Designator: OldDesignator=C100 NewDesignator=C26
Added Component: Designator=C8(CC1812)
Added Component: Designator=C12(CC0805)
Added Component: Designator=C13(CC0805)
Added Component: Designator=R11(82p)
Added Component: Designator=R16(RR0805)
Added Component: Designator=R20(RR0805)
Added Component: Designator=R23(RR0805)
Added Component: Designator=R32(82p)
Added Component: Designator=X6(IDC14M)
Added Pin To Net: NetName=GND_EXT Pin=C8-1
Added Pin To Net: NetName=NetC7_2 Pin=C8-2
Added Pin To Net: NetName=-3.3V Pin=C12-1
Added Pin To Net: NetName=GND Pin=C12-2
Added Pin To Net: NetName=+3.3V Pin=C13-1
Added Pin To Net: NetName=GND Pin=C13-2
Added Pin To Net: NetName=GND Pin=C22-1
Added Pin To Net: NetName=GND Pin=C23-2
Added Pin To Net: NetName=NetDA1_3 Pin=C34-2
Added Pin To Net: NetName=+3.3V Pin=DA1-4
Added Pin To Net: NetName=GND Pin=DA3-6
Added Pin To Net: NetName=GND Pin=DA3-7
Added Pin To Net: NetName=GND Pin=R10-1
Added Pin To Net: NetName=NetR9_2 Pin=R11-1
Added Pin To Net: NetName=GND Pin=R11-3
Added Pin To Net: NetName=+24V Pin=R15-1
Added Pin To Net: NetName=GND Pin=R15-2
Added Pin To Net: NetName=-24V Pin=R16-1
Added Pin To Net: NetName=GND Pin=R16-2
Added Pin To Net: NetName=NetR17_1 Pin=R18-1
Added Pin To Net: NetName=NetDD3_8 Pin=R22-1
Added Pin To Net: NetName=NetDD3_1 Pin=R23-1
Added Pin To Net: NetName=NetR30_1 Pin=R31-1
Added Pin To Net: NetName=GND Pin=R31-3
Added Pin To Net: NetName=+3.3V Pin=R32-1
Added Pin To Net: NetName=GND Pin=R32-3
Added Pin To Net: NetName=GND_EXT Pin=VD1-1
Added Pin To Net: NetName=GND_EXT Pin=VT1-3
Change Net Name : Old Net Name=NetC100_2 New Net Name=NetC26_2
Change Net Name : Old Net Name=NetDA1_3 New Net Name=NetC34_2
Added Pin To Net: NetName=NetC16_1 Pin=C16-1
Added Pin To Net: NetName=NetC16_1 Pin=R8-1
Added Pin To Net: NetName=NetC16_1 Pin=VD10-1
Added Pin To Net: NetName=NetC16_1 Pin=VD10-2
Added Net: Name=NetC16_1
Added Pin To Net: NetName=NetC25_2 Pin=C25-2
Added Pin To Net: NetName=NetC25_2 Pin=DA4-2
Added Pin To Net: NetName=NetC25_2 Pin=R18-2
Added Pin To Net: NetName=NetC25_2 Pin=R20-2
Added Pin To Net: NetName=NetC25_2 Pin=R21-1
Added Net: Name=NetC25_2
Added Pin To Net: NetName=NetR11_2 Pin=R11-2
Added Pin To Net: NetName=NetR11_2 Pin=X3-3
Added Net: Name=NetR11_2
Added Pin To Net: NetName=NetR20_1 Pin=R20-1
Added Pin To Net: NetName=NetR20_1 Pin=X5-2
Added Net: Name=NetR20_1
Added Pin To Net: NetName=NetR22_2 Pin=R22-2
Added Pin To Net: NetName=NetR22_2 Pin=VT2-1
Added Net: Name=NetR22_2
Added Pin To Net: NetName=NetR23_2 Pin=R23-2
Added Pin To Net: NetName=NetR23_2 Pin=VT3-1
Added Net: Name=NetR23_2
Added Pin To Net: NetName=NetR32_2 Pin=R32-2
Added Pin To Net: NetName=NetR32_2 Pin=X5-3
Added Net: Name=NetR32_2
Added Pin To Net: NetName=NetR34_2 Pin=R34-2
Added Pin To Net: NetName=NetR34_2 Pin=X3-1
Added Net: Name=NetR34_2
