Removed Pin From Net: NetName=+3.3V Pin=C11-2
Removed Pin From Net: NetName=+3.3V Pin=C13-1
Removed Pin From Net: NetName=+3.3V Pin=DA1-4
Added Pin To Net: NetName=-3.3V Pin=C11-2
Added Pin To Net: NetName=-3.3V Pin=C13-1
Added Pin To Net: NetName=-3.3V Pin=DA1-4
Added Pin To Net: NetName=GND Pin=DA1-4
Added Pin To Net: NetName=NetC16_1 Pin=X6-3
Added Pin To Net: NetName=+3.3V Pin=X6-4
Added Pin To Net: NetName=-3.3V Pin=X6-5
Added Pin To Net: NetName=+12.6V Pin=X6-6
Added Pin To Net: NetName=NetR28_1 Pin=X6-8
Added Pin To Net: NetName=GND_EXT Pin=X6-13
Added Pin To Net: NetName=GND Pin=X6-14
Change Net Name : Old Net Name=NetC16_1 New Net Name=EHV
Change Net Name : Old Net Name=NetC32_2 New Net Name=+EGB
Change Net Name : Old Net Name=NetR28_1 New Net Name=EASS
Added Pin To Net: NetName=2F Pin=X4-1
Added Pin To Net: NetName=2F Pin=X6-10
Added Net: Name=2F
Added Pin To Net: NetName=CONT2ASS Pin=X5-1
Added Pin To Net: NetName=CONT2ASS Pin=X6-9
Added Net: Name=CONT2ASS
Added Pin To Net: NetName=CONT2U Pin=R34-1
Added Pin To Net: NetName=CONT2U Pin=X6-2
Added Net: Name=CONT2U
Added Pin To Net: NetName=F Pin=R33-1
Added Pin To Net: NetName=F Pin=X6-7
Added Net: Name=F
Added Pin To Net: NetName=NetDD1.2_5 Pin=DD1.2-5
Added Pin To Net: NetName=NetDD1.2_5 Pin=R1-2
Added Net: Name=NetDD1.2_5
