Removed Pin From Net: NetName=F Pin=X6-4
Removed Pin From Net: NetName=GND Pin=X6-5
Removed Pin From Net: NetName=2F Pin=X6-6
Removed Pin From Net: NetName=GND Pin=X6-7
Removed Pin From Net: NetName=EASS Pin=X6-8
Removed Pin From Net: NetName=+3.3V Pin=X6-9
Removed Pin From Net: NetName=-3.3V Pin=X6-10
Removed Pin From Net: NetName=+EGB Pin=X6-11
Removed Pin From Net: NetName=+12.6V Pin=X6-12
Removed Pin From Net: NetName=GND_EXT Pin=X6-13
Removed Pin From Net: NetName=GND Pin=X6-14
Added Pin To Net: NetName=GND Pin=X6-4
Added Pin To Net: NetName=F Pin=X6-5
Added Pin To Net: NetName=GND Pin=X6-6
Added Pin To Net: NetName=2F Pin=X6-7
Added Pin To Net: NetName=GND Pin=X6-8
Added Pin To Net: NetName=EASS Pin=X6-9
Added Pin To Net: NetName=+3.3V Pin=X6-10
Added Pin To Net: NetName=-3.3V Pin=X6-11
Added Pin To Net: NetName=+EGB Pin=X6-12
Added Pin To Net: NetName=+12.6V Pin=X6-13
Added Pin To Net: NetName=GND_EXT Pin=X6-14
