Removed Pin From Net: NetName=DB0 Pin=U3-8
Removed Pin From Net: NetName=DB1 Pin=U3-9
Removed Pin From Net: NetName=DB2 Pin=U3-10
Removed Pin From Net: NetName=DB3 Pin=U3-11
Removed Pin From Net: NetName=EMU Pin=U3-14
Removed Pin From Net: NetName=HUMIDITY Pin=U3-15
Removed Pin From Net: NetName=PRESSURE Pin=U3-16
Removed Pin From Net: NetName=CHARGE_CS Pin=U3-17
Removed Pin From Net: NetName=VIN_SENSE Pin=U3-20
Removed Pin From Net: NetName=DB4 Pin=U3-24
Removed Pin From Net: NetName=DB5 Pin=U3-25
Removed Pin From Net: NetName=DB6 Pin=U3-37
Removed Pin From Net: NetName=DB7 Pin=U3-38
Removed Pin From Net: NetName=A0 Pin=U3-39
Removed Pin From Net: NetName=RW Pin=U3-40
Removed Pin From Net: NetName=TX Pin=U3-41
Removed Pin From Net: NetName=RX Pin=U3-42
Removed Pin From Net: NetName=P_I Pin=U3-43
Removed Pin From Net: NetName=P_F Pin=U3-44
Removed Pin From Net: NetName=EMU Pin=U3-51
Added Component: Designator=C15(CC0805)
Added Component: Designator=C?(CC0805)
Added Component: Designator=DA5(LQFP48_N)
Added Component: Designator=R?(RR0805)
Added Pin To Net: NetName=GND Pin=C15-1
Added Pin To Net: NetName=+3.3V Pin=C15-2
Added Pin To Net: NetName=GND Pin=C?-1
Added Pin To Net: NetName=R\E\S\E\T\ Pin=C?-2
Added Pin To Net: NetName=+3.3V Pin=DA5-1
Added Pin To Net: NetName=A0 Pin=DA5-2
Added Pin To Net: NetName=RW Pin=DA5-3
Added Pin To Net: NetName=EMU Pin=DA5-4
Added Pin To Net: NetName=R\E\S\E\T\ Pin=DA5-7
Added Pin To Net: NetName=GND Pin=DA5-8
Added Pin To Net: NetName=+3.3V Pin=DA5-9
Added Pin To Net: NetName=EMU Pin=DA5-10
Added Pin To Net: NetName=HUMIDITY Pin=DA5-11
Added Pin To Net: NetName=PRESSURE Pin=DA5-12
Added Pin To Net: NetName=CHARGE_CS Pin=DA5-13
Added Pin To Net: NetName=VIN_SENSE Pin=DA5-14
Added Pin To Net: NetName=DB2 Pin=DA5-21
Added Pin To Net: NetName=DB3 Pin=DA5-22
Added Pin To Net: NetName=GND Pin=DA5-23
Added Pin To Net: NetName=+3.3V Pin=DA5-24
Added Pin To Net: NetName=DB5 Pin=DA5-25
Added Pin To Net: NetName=DB4 Pin=DA5-26
Added Pin To Net: NetName=DB6 Pin=DA5-27
Added Pin To Net: NetName=DB7 Pin=DA5-28
Added Pin To Net: NetName=TX Pin=DA5-30
Added Pin To Net: NetName=RX Pin=DA5-31
Added Pin To Net: NetName=P_I Pin=DA5-32
Added Pin To Net: NetName=P_F Pin=DA5-33
Added Pin To Net: NetName=TMS Pin=DA5-34
Added Pin To Net: NetName=GND Pin=DA5-35
Added Pin To Net: NetName=+3.3V Pin=DA5-36
Added Pin To Net: NetName=TCK Pin=DA5-37
Added Pin To Net: NetName=TDI Pin=DA5-38
Added Pin To Net: NetName=TDO Pin=DA5-39
Added Pin To Net: NetName=CHARGE_PWM- Pin=DA5-40
Added Pin To Net: NetName=CHARGE_PWM+ Pin=DA5-41
Added Pin To Net: NetName=GND Pin=DA5-44
Added Pin To Net: NetName=DB0 Pin=DA5-45
Added Pin To Net: NetName=DB1 Pin=DA5-46
Added Pin To Net: NetName=GND Pin=DA5-47
Added Pin To Net: NetName=+3.3V Pin=DA5-48
Added Pin To Net: NetName=+3.3V Pin=R?-1
Added Pin To Net: NetName=R\E\S\E\T\ Pin=R?-2
Added Member To Class: ClassName=aig2_main Member=Component C15 C0805
Added Member To Class: ClassName=aig2_main Member=Component C? C0805
Added Member To Class: ClassName=aig2_main Member=Component DA5 STM32F100C8
Added Member To Class: ClassName=aig2_main Member=Component R? 
Added Room: Name=aig2_main
