Added Component: Designator=BP2(MPX_SOP8)
Added Component: Designator=C1(CC0805)
Added Component: Designator=C45(CC0805)
Added Component: Designator=C97(CC0805)
Added Component: Designator=C98(CC0805)
Added Component: Designator=DD1(SOT407-1_N)
Added Component: Designator=DD14(SOT407-1_N)
Added Component: Designator=H1(MT-20s4)
Added Component: Designator=HL5(led1206)
Added Component: Designator=HL6(led1206)
Added Component: Designator=HL7(led1206)
Added Component: Designator=HL8(led1206)
Added Component: Designator=L2(12-1812)
Added Component: Designator=R21(CAY16-F4)
Added Component: Designator=R22(CAY16-F4)
Added Component: Designator=R23(CAY16-F4)
Added Component: Designator=R26(CAY16-F4)
Added Component: Designator=R37(RR0805)
Added Component: Designator=R93(RR0805)
Added Component: Designator=U1(HIH-4602L)
Added Component: Designator=U2(MK06A_N)
Added Component: Designator=VD7(SOT23)
Added Component: Designator=VD8(SOT23)
Added Component: Designator=X1(ts-1109)
Added Component: Designator=X2(ts-1109)
Added Component: Designator=X3(ts-1109)
Added Component: Designator=X4(idc10_2)
Added Component: Designator=X5(ts-1109)
Added Component: Designator=X14(idc10_2)
Added Component: Designator=ZQ1(KX-38T)
Added Pin To Net: NetName=+5V_ADC Pin=BP2-2
Added Pin To Net: NetName=EXT_GND Pin=BP2-3
Added Pin To Net: NetName=GND Pin=C45-1
Added Pin To Net: NetName=R\E\S\E\T\ Pin=C45-2
Added Pin To Net: NetName=GND Pin=C97-1
Added Pin To Net: NetName=NET00175 Pin=C97-2
Added Pin To Net: NetName=GND Pin=C98-1
Added Pin To Net: NetName=NetC98_2 Pin=C98-2
Added Pin To Net: NetName=EMU Pin=DD1-9
Added Pin To Net: NetName=P_F Pin=DD1-56
Added Pin To Net: NetName=P_I Pin=DD1-57
Added Pin To Net: NetName=TDO Pin=DD14-1
Added Pin To Net: NetName=TDI Pin=DD14-2
Added Pin To Net: NetName=TMS Pin=DD14-3
Added Pin To Net: NetName=TRST Pin=DD14-4
Added Pin To Net: NetName=TCK Pin=DD14-5
Added Pin To Net: NetName=+3.3V Pin=DD14-10
Added Pin To Net: NetName=GND Pin=DD14-11
Added Pin To Net: NetName=+3.3V Pin=DD14-12
Added Pin To Net: NetName=+3.3V Pin=DD14-13
Added Pin To Net: NetName=GND Pin=DD14-15
Added Pin To Net: NetName=NET00175 Pin=DD14-16
Added Pin To Net: NetName=R\E\S\E\T\ Pin=DD14-17
Added Pin To Net: NetName=NetC98_2 Pin=DD14-18
Added Pin To Net: NetName=50MHZ_CPU Pin=DD14-22
Added Pin To Net: NetName=+3.3V Pin=DD14-28
Added Pin To Net: NetName=GND Pin=DD14-31
Added Pin To Net: NetName=GND Pin=DD14-41
Added Pin To Net: NetName=+3.3V Pin=DD14-42
Added Pin To Net: NetName=+3.3V Pin=DD14-54
Added Pin To Net: NetName=GND Pin=DD14-55
Added Pin To Net: NetName=+3.3V Pin=DD14-71
Added Pin To Net: NetName=GND Pin=DD14-72
Added Pin To Net: NetName=GND Pin=DD14-83
Added Pin To Net: NetName=+3.3V Pin=DD14-84
Added Pin To Net: NetName=+3.3V Pin=DD14-96
Added Pin To Net: NetName=GND Pin=DD14-97
Added Pin To Net: NetName=NetHL5_1 Pin=HL5-1
Added Pin To Net: NetName=GND Pin=HL5-2
Added Pin To Net: NetName=NetHL6_1 Pin=HL6-1
Added Pin To Net: NetName=GND Pin=HL6-2
Added Pin To Net: NetName=NetHL7_1 Pin=HL7-1
Added Pin To Net: NetName=GND Pin=HL7-2
Added Pin To Net: NetName=NetHL8_1 Pin=HL8-1
Added Pin To Net: NetName=GND Pin=HL8-2
Added Pin To Net: NetName=LED2 Pin=R21-1
Added Pin To Net: NetName=NetHL8_1 Pin=R21-2
Added Pin To Net: NetName=LED1 Pin=R21-3
Added Pin To Net: NetName=NetHL7_1 Pin=R21-4
Added Pin To Net: NetName=LED4 Pin=R21-5
Added Pin To Net: NetName=NetHL6_1 Pin=R21-6
Added Pin To Net: NetName=LED3 Pin=R21-7
Added Pin To Net: NetName=NetHL5_1 Pin=R21-8
Added Pin To Net: NetName=BUT2 Pin=R22-1
Added Pin To Net: NetName=NetR22_2 Pin=R22-2
Added Pin To Net: NetName=BUT1 Pin=R22-3
Added Pin To Net: NetName=NetR22_4 Pin=R22-4
Added Pin To Net: NetName=BUT4 Pin=R22-5
Added Pin To Net: NetName=NetR22_6 Pin=R22-6
Added Pin To Net: NetName=BUT3 Pin=R22-7
Added Pin To Net: NetName=NetR22_8 Pin=R22-8
Added Pin To Net: NetName=NetR23_1 Pin=R23-1
Added Pin To Net: NetName=GND Pin=R23-2
Added Pin To Net: NetName=NetR23_6 Pin=R23-6
Added Pin To Net: NetName=NetR23_1 Pin=R23-7
Added Pin To Net: NetName=NetR23_6 Pin=R23-8
Added Pin To Net: NetName=R\E\S\E\T\ Pin=R26-1
Added Pin To Net: NetName=+3.3V Pin=R26-2
Added Pin To Net: NetName=TDI Pin=R26-3
Added Pin To Net: NetName=+3.3V Pin=R26-4
Added Pin To Net: NetName=TDO Pin=R26-5
Added Pin To Net: NetName=+3.3V Pin=R26-6
Added Pin To Net: NetName=TMS Pin=R26-7
Added Pin To Net: NetName=+3.3V Pin=R26-8
Added Pin To Net: NetName=HUMIDITY Pin=R37-1
Added Pin To Net: NetName=EXT_GND Pin=R37-2
Added Pin To Net: NetName=TCK Pin=R93-1
Added Pin To Net: NetName=GND Pin=R93-2
Added Pin To Net: NetName=EXT_GND Pin=U1-1
Added Pin To Net: NetName=HUMIDITY Pin=U1-2
Added Pin To Net: NetName=EXT_GND Pin=U1-3
Added Pin To Net: NetName=+5V_ADC Pin=U1-4
Added Pin To Net: NetName=RTD Pin=U1-5
Added Pin To Net: NetName=RTD Pin=U1-6
Added Pin To Net: NetName=GND Pin=VD8-2
Added Pin To Net: NetName=NetR22_8 Pin=X1-1
Added Pin To Net: NetName=GND Pin=X1-4
Added Pin To Net: NetName=NetR22_6 Pin=X2-1
Added Pin To Net: NetName=GND Pin=X2-4
Added Pin To Net: NetName=NetR22_4 Pin=X3-1
Added Pin To Net: NetName=GND Pin=X3-4
Added Pin To Net: NetName=RS485_P Pin=X4-1
Added Pin To Net: NetName=EMU Pin=X4-2
Added Pin To Net: NetName=RS485_N Pin=X4-3
Added Pin To Net: NetName=GND_EXT Pin=X4-4
Added Pin To Net: NetName=GND_EXT Pin=X4-5
Added Pin To Net: NetName=P_F Pin=X4-6
Added Pin To Net: NetName=TX Pin=X4-7
Added Pin To Net: NetName=P_I Pin=X4-8
Added Pin To Net: NetName=RX Pin=X4-9
Added Pin To Net: NetName=+EGB Pin=X4-10
Added Pin To Net: NetName=NetR22_2 Pin=X5-1
Added Pin To Net: NetName=GND Pin=X5-4
Added Pin To Net: NetName=+3.3V Pin=X14-1
Added Pin To Net: NetName=TMS Pin=X14-2
Added Pin To Net: NetName=GND Pin=X14-3
Added Pin To Net: NetName=TCK Pin=X14-4
Added Pin To Net: NetName=GND Pin=X14-5
Added Pin To Net: NetName=TDO Pin=X14-6
Added Pin To Net: NetName=TDI Pin=X14-8
Added Pin To Net: NetName=GND Pin=X14-9
Added Pin To Net: NetName=R\E\S\E\T\ Pin=X14-10
Added Pin To Net: NetName=NET00175 Pin=ZQ1-1
Added Pin To Net: NetName=NetC98_2 Pin=ZQ1-2
Added Pin To Net: NetName=NetC1_1 Pin=C1-1
Added Pin To Net: NetName=NetC1_1 Pin=U2-6
Added Pin To Net: NetName=NetC1_1 Pin=VD8-3
Added Net: Name=NetC1_1
Added Pin To Net: NetName=NetC1_2 Pin=C1-2
Added Pin To Net: NetName=NetC1_2 Pin=U2-1
Added Pin To Net: NetName=NetC1_2 Pin=VD7-3
Added Net: Name=NetC1_2
Added Pin To Net: NetName=NetU2_5 Pin=U2-5
Added Pin To Net: NetName=NetU2_5 Pin=VD7-1
Added Net: Name=NetU2_5
Added Member To Class: ClassName=aig2_main Member=Component BP2 MPX6115A
Added Member To Class: ClassName=aig2_main Member=Component C1 C0805
Added Member To Class: ClassName=aig2_main Member=Component C45 C0805
Added Member To Class: ClassName=aig2_main Member=Component C97 C0805
Added Member To Class: ClassName=aig2_main Member=Component C98 C0805
Added Member To Class: ClassName=aig2_main Member=Component DD1 LPC1768FBD100
Added Member To Class: ClassName=aig2_main Member=Component DD14 LPC2364FBD100
Added Member To Class: ClassName=aig2_main Member=Component H1 MT-20S4A
Added Member To Class: ClassName=aig2_main Member=Component HL5 LED0805
Added Member To Class: ClassName=aig2_main Member=Component HL6 LED0805
Added Member To Class: ClassName=aig2_main Member=Component HL7 LED0805
Added Member To Class: ClassName=aig2_main Member=Component HL8 LED0805
Added Member To Class: ClassName=aig2_main Member=Component L2 CM45
Added Member To Class: ClassName=aig2_main Member=Component R21 CAY16-J4
Added Member To Class: ClassName=aig2_main Member=Component R22 CAY16-J4
Added Member To Class: ClassName=aig2_main Member=Component R23 CAY16-J4
Added Member To Class: ClassName=aig2_main Member=Component R26 CAY16-J4
Added Member To Class: ClassName=aig2_main Member=Component R37 
Added Member To Class: ClassName=aig2_main Member=Component R93 
Added Member To Class: ClassName=aig2_main Member=Component U1 HIH-4602L
Added Member To Class: ClassName=aig2_main Member=Component U2 LM2736YMK
Added Member To Class: ClassName=aig2_main Member=Component VD7 BAT54C
Added Member To Class: ClassName=aig2_main Member=Component VD8 BAT54C
Added Member To Class: ClassName=aig2_main Member=Component X1 TS-1109
Added Member To Class: ClassName=aig2_main Member=Component X2 TS-1109
Added Member To Class: ClassName=aig2_main Member=Component X3 TS-1109
Added Member To Class: ClassName=aig2_main Member=Component X4 IDC10M
Added Member To Class: ClassName=aig2_main Member=Component X5 TS-1109
Added Member To Class: ClassName=aig2_main Member=Component X14 IDC10M
Added Member To Class: ClassName=aig2_main Member=Component ZQ1 KX-38T
Added Room: Name=aig2_main
