Removed Pin From Net: NetName=GND Pin=C45-1
Removed Pin From Net: NetName=R\E\S\E\T\ Pin=C45-2
Removed Pin From Net: NetName=TDO Pin=DD14-1
Removed Pin From Net: NetName=TDI Pin=DD14-2
Removed Pin From Net: NetName=TMS Pin=DD14-3
Removed Pin From Net: NetName=TCK Pin=DD14-5
Removed Pin From Net: NetName=+3.3V Pin=DD14-10
Removed Pin From Net: NetName=GND Pin=DD14-11
Removed Pin From Net: NetName=+3.3V Pin=DD14-12
Removed Pin From Net: NetName=+3.3V Pin=DD14-13
Removed Pin From Net: NetName=GND Pin=DD14-15
Removed Pin From Net: NetName=R\E\S\E\T\ Pin=DD14-17
Removed Pin From Net: NetName=+3.3V Pin=DD14-28
Removed Pin From Net: NetName=GND Pin=DD14-31
Removed Pin From Net: NetName=GND Pin=DD14-41
Removed Pin From Net: NetName=+3.3V Pin=DD14-42
Removed Pin From Net: NetName=+3.3V Pin=DD14-54
Removed Pin From Net: NetName=GND Pin=DD14-55
Removed Pin From Net: NetName=+3.3V Pin=DD14-71
Removed Pin From Net: NetName=GND Pin=DD14-72
Removed Pin From Net: NetName=GND Pin=DD14-83
Removed Pin From Net: NetName=+3.3V Pin=DD14-84
Removed Pin From Net: NetName=+3.3V Pin=DD14-96
Removed Pin From Net: NetName=GND Pin=DD14-97
Removed Pin From Net: NetName=R\E\S\E\T\ Pin=R26-1
Removed Pin From Net: NetName=+3.3V Pin=R26-2
Removed Pin From Net: NetName=TDI Pin=R26-3
Removed Pin From Net: NetName=+3.3V Pin=R26-4
Removed Pin From Net: NetName=TDO Pin=R26-5
Removed Pin From Net: NetName=+3.3V Pin=R26-6
Removed Pin From Net: NetName=TMS Pin=R26-7
Removed Pin From Net: NetName=+3.3V Pin=R26-8
Removed Pin From Net: NetName=TCK Pin=R93-1
Removed Pin From Net: NetName=GND Pin=R93-2
Removed Pin From Net: NetName=DB0 Pin=U3-26
Removed Pin From Net: NetName=DB1 Pin=U3-27
Removed Pin From Net: NetName=DB2 Pin=U3-28
Removed Pin From Net: NetName=DB3 Pin=U3-55
Removed Pin From Net: NetName=DB4 Pin=U3-56
Removed Pin From Net: NetName=DB5 Pin=U3-57
Removed Pin From Net: NetName=DB6 Pin=U3-58
Removed Pin From Net: NetName=DB7 Pin=U3-59
Removed Pin From Net: NetName=RW Pin=U3-61
Removed Pin From Net: NetName=EMU Pin=U3-62
Removed Member From Class: ClassName=aig2_main Member=C45
Removed Member From Class: ClassName=aig2_main Member=DD14
Removed Member From Class: ClassName=aig2_main Member=R26
Removed Member From Class: ClassName=aig2_main Member=R93
Added Component: Designator=C19(CC0805)
Added Component: Designator=R18(RR0805)
Added Pin To Net: NetName=GND Pin=C19-1
Added Pin To Net: NetName=R\E\S\E\T\ Pin=C19-2
Added Pin To Net: NetName=+3.3V Pin=R18-1
Added Pin To Net: NetName=R\E\S\E\T\ Pin=R18-2
Added Pin To Net: NetName=+EGB Pin=U2-4
Added Pin To Net: NetName=+EGB Pin=U2-5
Added Pin To Net: NetName=R\E\S\E\T\ Pin=U3-7
Added Pin To Net: NetName=DB0 Pin=U3-8
Added Pin To Net: NetName=DB1 Pin=U3-9
Added Pin To Net: NetName=DB2 Pin=U3-10
Added Pin To Net: NetName=DB3 Pin=U3-11
Added Pin To Net: NetName=DB4 Pin=U3-24
Added Pin To Net: NetName=DB5 Pin=U3-25
Added Pin To Net: NetName=DB6 Pin=U3-37
Added Pin To Net: NetName=DB7 Pin=U3-38
Added Pin To Net: NetName=RW Pin=U3-39
Added Pin To Net: NetName=EMU Pin=U3-40
Added Pin To Net: NetName=TMS Pin=U3-46
Added Pin To Net: NetName=TCK Pin=U3-49
Added Pin To Net: NetName=TDI Pin=U3-50
Added Pin To Net: NetName=TDO Pin=U3-55
Added Pin To Net: NetName=GND Pin=U3-60
Added Pin To Net: NetName=+EGB Pin=VD7-1
Added Member To Class: ClassName=aig2_main Member=Component C19 C0805
Added Member To Class: ClassName=aig2_main Member=Component R18 
