Removed Pin From Net: NetName=RS485_P Pin=X4-1
Removed Pin From Net: NetName=EMU Pin=X4-2
Removed Pin From Net: NetName=RS485_N Pin=X4-3
Removed Pin From Net: NetName=GND Pin=X4-4
Removed Pin From Net: NetName=GND Pin=X4-5
Removed Pin From Net: NetName=P_F Pin=X4-6
Removed Pin From Net: NetName=TX Pin=X4-7
Removed Pin From Net: NetName=P_I Pin=X4-8
Removed Pin From Net: NetName=RX Pin=X4-9
Removed Pin From Net: NetName=+EGB Pin=X4-10
Added Pin To Net: NetName=EMU Pin=X4-1
Added Pin To Net: NetName=RS485_P Pin=X4-2
Added Pin To Net: NetName=GND Pin=X4-3
Added Pin To Net: NetName=RS485_N Pin=X4-4
Added Pin To Net: NetName=P_F Pin=X4-5
Added Pin To Net: NetName=GND Pin=X4-6
Added Pin To Net: NetName=P_I Pin=X4-7
Added Pin To Net: NetName=TX Pin=X4-8
Added Pin To Net: NetName=+EGB Pin=X4-9
Added Pin To Net: NetName=RX Pin=X4-10
