Removed Pin From Net: NetName=PUMP- Pin=DA1-40
Removed Pin From Net: NetName=PUMP+ Pin=DA1-41
Removed Pin From Net: NetName=SHIFT_PWM Pin=DA1-45
Removed Pin From Net: NetName=+3.3V Pin=R10-7
Added Component: Designator=U8(LQFP48_N)
Added Pin To Net: NetName=PUMP- Pin=DA1-42
Added Pin To Net: NetName=PUMP+ Pin=DA1-45
Added Pin To Net: NetName=SHIFT_PWM Pin=DA1-46
Added Pin To Net: NetName=ADC0 Pin=U8-10
Added Pin To Net: NetName=ADC1 Pin=U8-11
Added Pin To Net: NetName=ADC2 Pin=U8-12
Added Pin To Net: NetName=ADC3 Pin=U8-13
Added Pin To Net: NetName=ADC4 Pin=U8-14
Added Pin To Net: NetName=ADC5 Pin=U8-15
Added Pin To Net: NetName=ADC6 Pin=U8-16
Added Pin To Net: NetName=ADC7 Pin=U8-17
Added Pin To Net: NetName=ADC2 Pin=U8-18
Added Pin To Net: NetName=ADC3 Pin=U8-19
Added Pin To Net: NetName=ADC2 Pin=U8-21
Added Pin To Net: NetName=ADC3 Pin=U8-22
Added Pin To Net: NetName=TIM1_CH1N Pin=U8-26
Added Pin To Net: NetName=ADC2 Pin=U8-27
Added Pin To Net: NetName=ADC3 Pin=U8-28
Added Pin To Net: NetName=TIM1_CH1 Pin=U8-29
Added Pin To Net: NetName=TIM1_CH2 Pin=U8-30
Added Pin To Net: NetName=TIM1_CH3 Pin=U8-31
Added Pin To Net: NetName=TIM1_CH4 Pin=U8-32
Added Pin To Net: NetName=ADC1 Pin=U8-39
Added Pin To Net: NetName=ADC6 Pin=U8-40
Added Pin To Net: NetName=ADC7 Pin=U8-41
Added Pin To Net: NetName=TIM16_CH1N Pin=U8-42
Added Pin To Net: NetName=TIM17_CH1N Pin=U8-43
Added Pin To Net: NetName=ADC6 Pin=U8-45
Added Pin To Net: NetName=ADC7 Pin=U8-46
Added Class: Name=stm32f10c4_map
Added Member To Class: ClassName=aig21 Member=Component C10 C1206
Added Member To Class: ClassName=aig21 Member=Component C46 C1206
Added Member To Class: ClassName=aig21 Member=Component C47 C1206
Added Member To Class: ClassName=aig21 Member=Component C48 C1206
Added Member To Class: ClassName=aig21 Member=Component C55 C1206
Added Member To Class: ClassName=aig21 Member=Component C63 C1206
Added Member To Class: ClassName=aig21 Member=Component C64 C1206
Added Member To Class: ClassName=aig21 Member=Component C65 C1206
Added Member To Class: ClassName=aig21 Member=Component C66 C1206
Added Member To Class: ClassName=aig21 Member=Component VD8 BAV99BRW
Added Member To Class: ClassName=aig21 Member=Component VD14 BAV99BRW
