Removed Pin From Net: NetName=NetC33_1 Pin=C33-1
Removed Pin From Net: NetName=NetC33_2 Pin=C33-2
Removed Pin From Net: NetName=NetC33_2 Pin=C43-1
Removed Pin From Net: NetName=NetC43_2 Pin=C43-2
Removed Pin From Net: NetName=-24V Pin=VD8-2
Removed Pin From Net: NetName=NetC43_2 Pin=VD8-3
Removed Pin From Net: NetName=NetC50_1 Pin=VD8-4
Removed Member From Class: ClassName=aig21 Member=VD8
Added Component: Designator=C33(Ñ1206)
Added Component: Designator=C43(Ñ1206)
Added Component: Designator=D2(SOT-23)
Added Pin To Net: NetName=NetC33_1 Pin=C33-1
Added Pin To Net: NetName=NetC33_2 Pin=C33-2
Added Pin To Net: NetName=NetC33_2 Pin=C43-1
Added Pin To Net: NetName=NetC43_2 Pin=C43-2
Added Pin To Net: NetName=-24V Pin=D2-1
Added Pin To Net: NetName=NetC50_1 Pin=D2-2
Added Pin To Net: NetName=NetC43_2 Pin=D2-3
Added Member To Class: ClassName=aig21 Member=Component C33 C1206
Added Member To Class: ClassName=aig21 Member=Component C43 C1206
Added Member To Class: ClassName=aig21 Member=Component D2 BAV99
