Removed Pin From Net: NetName=NetC15_1 Pin=C15-1
Removed Pin From Net: NetName=NetC22_2 Pin=C22-2
Removed Pin From Net: NetName=NetC15_2 Pin=VD2-2
Removed Pin From Net: NetName=NetC15_2 Pin=VD2-5
Removed Pin From Net: NetName=NetC24_1 Pin=VD4-1
Removed Pin From Net: NetName=NetC18_2 Pin=VD4-5
Removed Pin From Net: NetName=NetC14_2 Pin=VD4-6
Removed Pin From Net: NetName=NetC18_2 Pin=VD7-2
Removed Pin From Net: NetName=NetC18_1 Pin=VD7-4
Added Component: Designator=C26(Ñ1206)
Added Component: Designator=C27(Ñ1206)
Added Component: Designator=C28(Ñ1206)
Added Component: Designator=C29(Ñ1206)
Added Component: Designator=C30(Ñ1206)
Added Component: Designator=C31(Ñ1206)
Added Component: Designator=C32(Ñ1206)
Added Component: Designator=C33(Ñ1206)
Added Component: Designator=C34(Ñ1206)
Added Component: Designator=C35(Ñ1206)
Added Component: Designator=C36(Ñ1206)
Added Component: Designator=C37(Ñ1206)
Added Component: Designator=C38(Ñ1206)
Added Component: Designator=C39(Ñ1206)
Added Component: Designator=C40(Ñ1206)
Added Component: Designator=VD8(SOT-363)
Added Component: Designator=VD9(SOT-363)
Added Component: Designator=VD10(SOT-363)
Added Component: Designator=VD11(SOT-363)
Added Pin To Net: NetName=NetC22_2 Pin=C32-2
Added Pin To Net: NetName=NetC15_1 Pin=C33-1
Added Pin To Net: NetName=NetC18_1 Pin=C34-2
Added Pin To Net: NetName=NetC15_2 Pin=VD7-6
Added Pin To Net: NetName=NetC24_1 Pin=VD9-1
Added Pin To Net: NetName=NetC18_2 Pin=VD9-2
Added Pin To Net: NetName=NetC18_1 Pin=VD9-4
Added Pin To Net: NetName=NetC18_2 Pin=VD9-5
Added Pin To Net: NetName=NetC14_2 Pin=VD9-6
Added Pin To Net: NetName=NetC18_1 Pin=VD10-1
Change Net Name : Old Net Name=NetC15_1 New Net Name=NetC16_2
Change Net Name : Old Net Name=NetC22_2 New Net Name=NetC32_2
Added Pin To Net: NetName=NetC14_1 Pin=C14-1
Added Pin To Net: NetName=NetC14_1 Pin=C27-2
Added Pin To Net: NetName=NetC14_1 Pin=VD9-3
Added Pin To Net: NetName=NetC14_1 Pin=VD10-6
Added Net: Name=NetC14_1
Added Pin To Net: NetName=NetC15_1 Pin=C15-1
Added Pin To Net: NetName=NetC15_1 Pin=VD7-3
Added Net: Name=NetC15_1
Added Pin To Net: NetName=NetC22_2 Pin=C22-2
Added Pin To Net: NetName=NetC22_2 Pin=C31-1
Added Pin To Net: NetName=NetC22_2 Pin=VD4-3
Added Net: Name=NetC22_2
Added Pin To Net: NetName=NetC26_1 Pin=C26-1
Added Pin To Net: NetName=NetC26_1 Pin=C40-2
Added Pin To Net: NetName=NetC26_1 Pin=VD7-2
Added Pin To Net: NetName=NetC26_1 Pin=VD7-5
Added Net: Name=NetC26_1
Added Pin To Net: NetName=NetC26_2 Pin=C26-2
Added Pin To Net: NetName=NetC26_2 Pin=C39-1
Added Pin To Net: NetName=NetC26_2 Pin=VD4-4
Added Pin To Net: NetName=NetC26_2 Pin=VD7-1
Added Net: Name=NetC26_2
Added Pin To Net: NetName=NetC27_1 Pin=C27-1
Added Pin To Net: NetName=NetC27_1 Pin=C28-2
Added Pin To Net: NetName=NetC27_1 Pin=VD10-3
Added Net: Name=NetC27_1
Added Pin To Net: NetName=NetC28_1 Pin=C28-1
Added Pin To Net: NetName=NetC28_1 Pin=C29-2
Added Pin To Net: NetName=NetC28_1 Pin=VD11-6
Added Net: Name=NetC28_1
Added Pin To Net: NetName=NetC29_1 Pin=C29-1
Added Pin To Net: NetName=NetC29_1 Pin=C30-2
Added Pin To Net: NetName=NetC29_1 Pin=VD11-3
Added Net: Name=NetC29_1
Added Pin To Net: NetName=NetC30_1 Pin=C30-1
Added Pin To Net: NetName=NetC30_1 Pin=C31-2
Added Pin To Net: NetName=NetC30_1 Pin=VD4-6
Added Net: Name=NetC30_1
Added Pin To Net: NetName=NetC32_1 Pin=C32-1
Added Pin To Net: NetName=NetC32_1 Pin=C33-2
Added Pin To Net: NetName=NetC32_1 Pin=VD2-2
Added Pin To Net: NetName=NetC32_1 Pin=VD2-5
Added Net: Name=NetC32_1
Added Pin To Net: NetName=NetC34_1 Pin=C34-1
Added Pin To Net: NetName=NetC34_1 Pin=C35-2
Added Pin To Net: NetName=NetC34_1 Pin=VD10-2
Added Pin To Net: NetName=NetC34_1 Pin=VD10-5
Added Net: Name=NetC34_1
Added Pin To Net: NetName=NetC35_1 Pin=C35-1
Added Pin To Net: NetName=NetC35_1 Pin=C36-2
Added Pin To Net: NetName=NetC35_1 Pin=VD10-4
Added Pin To Net: NetName=NetC35_1 Pin=VD11-1
Added Net: Name=NetC35_1
Added Pin To Net: NetName=NetC36_1 Pin=C36-1
Added Pin To Net: NetName=NetC36_1 Pin=C37-2
Added Pin To Net: NetName=NetC36_1 Pin=VD11-2
Added Pin To Net: NetName=NetC36_1 Pin=VD11-5
Added Net: Name=NetC36_1
Added Pin To Net: NetName=NetC37_1 Pin=C37-1
Added Pin To Net: NetName=NetC37_1 Pin=C38-2
Added Pin To Net: NetName=NetC37_1 Pin=VD4-1
Added Pin To Net: NetName=NetC37_1 Pin=VD11-4
Added Net: Name=NetC37_1
Added Pin To Net: NetName=NetC38_1 Pin=C38-1
Added Pin To Net: NetName=NetC38_1 Pin=C39-2
Added Pin To Net: NetName=NetC38_1 Pin=VD4-2
Added Pin To Net: NetName=NetC38_1 Pin=VD4-5
Added Net: Name=NetC38_1
Added Pin To Net: NetName=NetC40_1 Pin=C40-1
Added Pin To Net: NetName=NetC40_1 Pin=VD7-4
Added Net: Name=NetC40_1
Added Member To Class: ClassName=aig21 Member=Component C26 C1206
Added Member To Class: ClassName=aig21 Member=Component C27 C1206
Added Member To Class: ClassName=aig21 Member=Component C28 C1206
Added Member To Class: ClassName=aig21 Member=Component C29 C1206
Added Member To Class: ClassName=aig21 Member=Component C30 C1206
Added Member To Class: ClassName=aig21 Member=Component C31 C1206
Added Member To Class: ClassName=aig21 Member=Component C32 C1206
Added Member To Class: ClassName=aig21 Member=Component C33 C1206
Added Member To Class: ClassName=aig21 Member=Component C34 C1206
Added Member To Class: ClassName=aig21 Member=Component C35 C1206
Added Member To Class: ClassName=aig21 Member=Component C36 C1206
Added Member To Class: ClassName=aig21 Member=Component C37 C1206
Added Member To Class: ClassName=aig21 Member=Component C38 C1206
Added Member To Class: ClassName=aig21 Member=Component C39 C1206
Added Member To Class: ClassName=aig21 Member=Component C40 C1206
Added Member To Class: ClassName=aig21 Member=Component VD8 BAV99BRW
Added Member To Class: ClassName=aig21 Member=Component VD9 BAV99BRW
Added Member To Class: ClassName=aig21 Member=Component VD10 BAV99BRW
Added Member To Class: ClassName=aig21 Member=Component VD11 BAV99BRW
