Removed Pin From Net: NetName=NetC14_1 Pin=C14-1
Removed Pin From Net: NetName=NetC14_2 Pin=C14-2
Added Component: Designator=C18(Ñ1206)
Added Component: Designator=C19(Ñ1206)
Added Component: Designator=C20(Ñ1206)
Added Component: Designator=C21(Ñ1206)
Added Component: Designator=C22(Ñ1206)
Added Component: Designator=C23(Ñ1206)
Added Component: Designator=C24(Ñ1206)
Added Component: Designator=C25(Ñ1206)
Added Component: Designator=VD4(SOT-363)
Added Component: Designator=VD6(SOT-363)
Added Component: Designator=VD7(SOT-363)
Added Pin To Net: NetName=NetC13_1 Pin=C19-2
Added Pin To Net: NetName=NetC14_1 Pin=C22-1
Added Pin To Net: NetName=NetC14_2 Pin=C22-2
Added Pin To Net: NetName=NetC17_1 Pin=C23-2
Added Pin To Net: NetName=NetC17_1 Pin=VD6-2
Change Net Name : Old Net Name=NetC14_1 New Net Name=NetC15_2
Change Net Name : Old Net Name=NetC14_2 New Net Name=NetC22_2
Added Pin To Net: NetName=NetC14_1 Pin=C14-1
Added Pin To Net: NetName=NetC14_1 Pin=VD4-6
Added Net: Name=NetC14_1
Added Pin To Net: NetName=NetC14_2 Pin=C14-2
Added Pin To Net: NetName=NetC14_2 Pin=C21-1
Added Pin To Net: NetName=NetC14_2 Pin=VD7-3
Added Net: Name=NetC14_2
Added Pin To Net: NetName=NetC18_1 Pin=C18-1
Added Pin To Net: NetName=NetC18_1 Pin=VD4-5
Added Net: Name=NetC18_1
Added Pin To Net: NetName=NetC18_2 Pin=C18-2
Added Pin To Net: NetName=NetC18_2 Pin=C25-1
Added Net: Name=NetC18_2
Added Pin To Net: NetName=NetC19_1 Pin=C19-1
Added Pin To Net: NetName=NetC19_1 Pin=C20-2
Added Pin To Net: NetName=NetC19_1 Pin=VD6-3
Added Net: Name=NetC19_1
Added Pin To Net: NetName=NetC20_1 Pin=C20-1
Added Pin To Net: NetName=NetC20_1 Pin=C21-2
Added Pin To Net: NetName=NetC20_1 Pin=VD6-6
Added Net: Name=NetC20_1
Added Pin To Net: NetName=NetC23_1 Pin=C23-1
Added Pin To Net: NetName=NetC23_1 Pin=C24-2
Added Net: Name=NetC23_1
Added Pin To Net: NetName=NetC24_1 Pin=C24-1
Added Pin To Net: NetName=NetC24_1 Pin=C25-2
Added Pin To Net: NetName=NetC24_1 Pin=VD6-5
Added Pin To Net: NetName=NetC24_1 Pin=VD7-2
Added Net: Name=NetC24_1
Added Member To Class: ClassName=aig21 Member=Component C18 C1206
Added Member To Class: ClassName=aig21 Member=Component C19 C1206
Added Member To Class: ClassName=aig21 Member=Component C20 C1206
Added Member To Class: ClassName=aig21 Member=Component C21 C1206
Added Member To Class: ClassName=aig21 Member=Component C22 C1206
Added Member To Class: ClassName=aig21 Member=Component C23 C1206
Added Member To Class: ClassName=aig21 Member=Component C24 C1206
Added Member To Class: ClassName=aig21 Member=Component C25 C1206
Added Member To Class: ClassName=aig21 Member=Component VD4 BAV99BRW
Added Member To Class: ClassName=aig21 Member=Component VD6 BAV99BRW
Added Member To Class: ClassName=aig21 Member=Component VD7 BAV99BRW
Added Room: Name=aig21
