Removed Member From Class: ClassName=aig21 Member=Ñ1
Removed Member From Class: ClassName=aig21 Member=Ñ2
Removed Member From Class: ClassName=aig21 Member=Ñ3
Removed Member From Class: ClassName=aig21 Member=Ñ4
Removed Member From Class: ClassName=aig21 Member=Ñ5
Removed Member From Class: ClassName=aig21 Member=Ñ6
Removed Member From Class: ClassName=aig21 Member=Ñ7
Removed Member From Class: ClassName=aig21 Member=Ñ8
Added Component: Designator=C10(Ñ1206)
Added Component: Designator=C11(Ñ1206)
Added Component: Designator=C12(Ñ1206)
Added Component: Designator=C13(Ñ1206)
Added Component: Designator=C14(Ñ1206)
Added Component: Designator=C15(Ñ1206)
Added Component: Designator=C16(Ñ1206)
Added Component: Designator=C17(Ñ1206)
Added Pin To Net: NetName=NetL3_1 Pin=C14-2
Change Net Name : Old Net Name=NetL3_1 New Net Name=NetC14_2
Added Pin To Net: NetName=NetC10_1 Pin=C10-1
Added Pin To Net: NetName=NetC10_1 Pin=C11-2
Added Pin To Net: NetName=NetC10_1 Pin=VD2-6
Added Net: Name=NetC10_1
Added Pin To Net: NetName=NetC10_2 Pin=C10-2
Added Pin To Net: NetName=NetC10_2 Pin=C51-1
Added Pin To Net: NetName=NetC10_2 Pin=L2-1
Added Net: Name=NetC10_2
Added Pin To Net: NetName=NetC11_1 Pin=C11-1
Added Pin To Net: NetName=NetC11_1 Pin=C12-2
Added Pin To Net: NetName=NetC11_1 Pin=VD2-3
Added Net: Name=NetC11_1
Added Pin To Net: NetName=NetC12_1 Pin=C12-1
Added Pin To Net: NetName=NetC12_1 Pin=C13-2
Added Pin To Net: NetName=NetC12_1 Pin=VD3-6
Added Net: Name=NetC12_1
Added Pin To Net: NetName=NetC13_1 Pin=C13-1
Added Pin To Net: NetName=NetC13_1 Pin=VD3-3
Added Net: Name=NetC13_1
Added Pin To Net: NetName=NetC14_1 Pin=C14-1
Added Pin To Net: NetName=NetC14_1 Pin=C15-2
Added Pin To Net: NetName=NetC14_1 Pin=VD2-2
Added Pin To Net: NetName=NetC14_1 Pin=VD2-5
Added Net: Name=NetC14_1
Added Pin To Net: NetName=NetC15_1 Pin=C15-1
Added Pin To Net: NetName=NetC15_1 Pin=C16-2
Added Pin To Net: NetName=NetC15_1 Pin=VD2-4
Added Pin To Net: NetName=NetC15_1 Pin=VD3-1
Added Net: Name=NetC15_1
Added Pin To Net: NetName=NetC16_1 Pin=C16-1
Added Pin To Net: NetName=NetC16_1 Pin=C17-2
Added Pin To Net: NetName=NetC16_1 Pin=VD3-2
Added Pin To Net: NetName=NetC16_1 Pin=VD3-5
Added Net: Name=NetC16_1
Added Pin To Net: NetName=NetC17_1 Pin=C17-1
Added Pin To Net: NetName=NetC17_1 Pin=VD3-4
Added Net: Name=NetC17_1
Added Member To Class: ClassName=aig21 Member=Component C10 C1206
Added Member To Class: ClassName=aig21 Member=Component C11 C1206
Added Member To Class: ClassName=aig21 Member=Component C12 C1206
Added Member To Class: ClassName=aig21 Member=Component C13 C1206
Added Member To Class: ClassName=aig21 Member=Component C14 C1206
Added Member To Class: ClassName=aig21 Member=Component C15 C1206
Added Member To Class: ClassName=aig21 Member=Component C16 C1206
Added Member To Class: ClassName=aig21 Member=Component C17 C1206
Added Room: Name=aig21
