Removed Pin From Net: NetName=NetC33_1 Pin=C33-1
Removed Pin From Net: NetName=NetC33_2 Pin=C33-2
Removed Pin From Net: NetName=NetC33_2 Pin=C43-1
Removed Pin From Net: NetName=NetC43_2 Pin=C43-2
Added Component: Designator=C33(Ñ1206)
Added Component: Designator=C43(Ñ1206)
Added Component: Designator=U?(LQFP48_N)
Added Pin To Net: NetName=NetC33_1 Pin=C33-1
Added Pin To Net: NetName=NetC33_2 Pin=C33-2
Added Pin To Net: NetName=NetC33_2 Pin=C43-1
Added Pin To Net: NetName=NetC43_2 Pin=C43-2
Added Pin To Net: NetName=ADC0 Pin=U?-10
Added Net: Name=ADC0
Added Pin To Net: NetName=ADC1 Pin=U?-11
Added Pin To Net: NetName=ADC1 Pin=U?-39
Added Net: Name=ADC1
Added Pin To Net: NetName=ADC2 Pin=U?-12
Added Pin To Net: NetName=ADC2 Pin=U?-18
Added Pin To Net: NetName=ADC2 Pin=U?-21
Added Pin To Net: NetName=ADC2 Pin=U?-27
Added Net: Name=ADC2
Added Pin To Net: NetName=ADC3 Pin=U?-13
Added Pin To Net: NetName=ADC3 Pin=U?-19
Added Pin To Net: NetName=ADC3 Pin=U?-22
Added Pin To Net: NetName=ADC3 Pin=U?-28
Added Net: Name=ADC3
Added Pin To Net: NetName=ADC4 Pin=U?-14
Added Net: Name=ADC4
Added Pin To Net: NetName=ADC5 Pin=U?-15
Added Net: Name=ADC5
Added Pin To Net: NetName=ADC6 Pin=U?-16
Added Pin To Net: NetName=ADC6 Pin=U?-40
Added Pin To Net: NetName=ADC6 Pin=U?-45
Added Net: Name=ADC6
Added Pin To Net: NetName=ADC7 Pin=U?-17
Added Pin To Net: NetName=ADC7 Pin=U?-41
Added Pin To Net: NetName=ADC7 Pin=U?-46
Added Net: Name=ADC7
Added Pin To Net: NetName=NetVD5_1 Pin=VD5-1
Added Pin To Net: NetName=NetVD5_1 Pin=VD8-4
Added Net: Name=NetVD5_1
Added Pin To Net: NetName=TIM1_CH1N Pin=U?-26
Added Net: Name=TIM1_CH1N
Added Pin To Net: NetName=TIM1_CH1 Pin=U?-29
Added Net: Name=TIM1_CH1
Added Pin To Net: NetName=TIM1_CH2 Pin=U?-30
Added Net: Name=TIM1_CH2
Added Pin To Net: NetName=TIM1_CH3 Pin=U?-31
Added Net: Name=TIM1_CH3
Added Pin To Net: NetName=TIM1_CH4 Pin=U?-32
Added Net: Name=TIM1_CH4
Added Pin To Net: NetName=TIM16_CH1N Pin=U?-42
Added Net: Name=TIM16_CH1N
Added Pin To Net: NetName=TIM17_CH1N Pin=U?-43
Added Net: Name=TIM17_CH1N
Added Class: Name=stm32f10c4_map
Added Member To Class: ClassName=aig21 Member=Component C33 C1206
Added Member To Class: ClassName=aig21 Member=Component C43 C1206
