Removed Pin From Net: NetName=NetC33_1 Pin=C33-1
Removed Pin From Net: NetName=NetC33_2 Pin=C33-2
Removed Pin From Net: NetName=NetC33_2 Pin=C43-1
Removed Pin From Net: NetName=NetC43_2 Pin=C43-2
Removed Pin From Net: NetName=P_I Pin=DA1-32
Removed Pin From Net: NetName=P_F Pin=DA1-33
Removed Pin From Net: NetName=PUMP+ Pin=DA1-40
Removed Pin From Net: NetName=PUMP- Pin=DA1-41
Added Component: Designator=C33(Ñ1206)
Added Component: Designator=C43(Ñ1206)
Added Pin To Net: NetName=NetC33_1 Pin=C33-1
Added Pin To Net: NetName=NetC33_2 Pin=C33-2
Added Pin To Net: NetName=NetC33_2 Pin=C43-1
Added Pin To Net: NetName=NetC43_2 Pin=C43-2
Added Pin To Net: NetName=P_I Pin=DA1-38
Added Pin To Net: NetName=P_F Pin=DA1-39
Added Pin To Net: NetName=PUMP- Pin=DA1-40
Added Pin To Net: NetName=PUMP+ Pin=DA1-41
Added Member To Class: ClassName=aig21 Member=Component C33 C1206
Added Member To Class: ClassName=aig21 Member=Component C43 C1206
