Removed Pin From Net: NetName=NetC48_2 Pin=C51-1
Removed Pin From Net: NetName=NetC46_2 Pin=L4-1
Removed Pin From Net: NetName=NetC48_2 Pin=L5-1
Added Component: Designator=C63(Ñ1206)
Added Component: Designator=C64(Ñ1206)
Added Component: Designator=C65(Ñ1206)
Added Component: Designator=C66(Ñ1206)
Added Component: Designator=U8(LQFP48_N)
Added Component: Designator=VD14(SOT-363)
Added Pin To Net: NetName=NetC46_2 Pin=C64-1
Added Pin To Net: NetName=NetC48_2 Pin=C66-1
Added Pin To Net: NetName=ADC0 Pin=U8-10
Added Pin To Net: NetName=ADC1 Pin=U8-11
Added Pin To Net: NetName=ADC2 Pin=U8-12
Added Pin To Net: NetName=ADC3 Pin=U8-13
Added Pin To Net: NetName=ADC4 Pin=U8-14
Added Pin To Net: NetName=ADC5 Pin=U8-15
Added Pin To Net: NetName=ADC6 Pin=U8-16
Added Pin To Net: NetName=ADC7 Pin=U8-17
Added Pin To Net: NetName=ADC2 Pin=U8-18
Added Pin To Net: NetName=ADC3 Pin=U8-19
Added Pin To Net: NetName=ADC2 Pin=U8-21
Added Pin To Net: NetName=ADC3 Pin=U8-22
Added Pin To Net: NetName=TIM1_CH1N Pin=U8-26
Added Pin To Net: NetName=ADC2 Pin=U8-27
Added Pin To Net: NetName=ADC3 Pin=U8-28
Added Pin To Net: NetName=TIM1_CH1 Pin=U8-29
Added Pin To Net: NetName=TIM1_CH2 Pin=U8-30
Added Pin To Net: NetName=TIM1_CH3 Pin=U8-31
Added Pin To Net: NetName=TIM1_CH4 Pin=U8-32
Added Pin To Net: NetName=ADC1 Pin=U8-39
Added Pin To Net: NetName=ADC6 Pin=U8-40
Added Pin To Net: NetName=ADC7 Pin=U8-41
Added Pin To Net: NetName=TIM16_CH1N Pin=U8-42
Added Pin To Net: NetName=TIM17_CH1N Pin=U8-43
Added Pin To Net: NetName=ADC6 Pin=U8-45
Added Pin To Net: NetName=ADC7 Pin=U8-46
Added Pin To Net: NetName=NetC46_2 Pin=VD14-3
Added Pin To Net: NetName=NetC48_2 Pin=VD14-4
Added Pin To Net: NetName=NetC51_1 Pin=C51-1
Added Pin To Net: NetName=NetC51_1 Pin=C65-2
Added Pin To Net: NetName=NetC51_1 Pin=L5-1
Added Pin To Net: NetName=NetC51_1 Pin=VD14-1
Added Net: Name=NetC51_1
Added Pin To Net: NetName=NetC63_1 Pin=C63-1
Added Pin To Net: NetName=NetC63_1 Pin=C64-2
Added Pin To Net: NetName=NetC63_1 Pin=VD14-6
Added Net: Name=NetC63_1
Added Pin To Net: NetName=NetC63_2 Pin=C63-2
Added Pin To Net: NetName=NetC63_2 Pin=L4-1
Added Net: Name=NetC63_2
Added Pin To Net: NetName=NetC65_1 Pin=C65-1
Added Pin To Net: NetName=NetC65_1 Pin=C66-2
Added Pin To Net: NetName=NetC65_1 Pin=VD14-2
Added Pin To Net: NetName=NetC65_1 Pin=VD14-5
Added Net: Name=NetC65_1
Added Member To Class: ClassName=aig21 Member=Component C63 C1206
Added Member To Class: ClassName=aig21 Member=Component C64 C1206
Added Member To Class: ClassName=aig21 Member=Component C65 C1206
Added Member To Class: ClassName=aig21 Member=Component C66 C1206
Added Member To Class: ClassName=stm32f10c4_map Member=Component U8 STM32F103C4
Added Member To Class: ClassName=aig21 Member=Component VD14 BAV99BRW
