Removed Pin From Net: NetName=GND Pin=U9-1
Removed Pin From Net: NetName=+3.3V Pin=U9-2
Removed Pin From Net: NetName=GND Pin=U9-4
Removed Pin From Net: NetName=GND Pin=U9-5
Removed Pin From Net: NetName=GND Pin=U9-6
Removed Pin From Net: NetName=GND Pin=U9-7
Removed Pin From Net: NetName=+38V Pin=U9-10
Removed Pin From Net: NetName=NetC71_1 Pin=U9-12
Removed Pin From Net: NetName=PUMP+ Pin=U9-13
Removed Pin From Net: NetName=GND Pin=U9-14
Removed Pin From Net: NetName=GND Pin=U9-15
Removed Pin From Net: NetName=GND Pin=U9-16
Removed Pin From Net: NetName=GND Pin=U9-17
Removed Pin From Net: NetName=PUMP- Pin=U9-18
Removed Member From Class: ClassName=aig21 Member=U9
Added Pin To Net: NetName=NetQ7_2 Pin=C71-2
Added Pin To Net: NetName=NetQ3_2 Pin=C72-1
Added Pin To Net: NetName=NetQ3_2 Pin=L4-2
Added Pin To Net: NetName=NetQ7_2 Pin=L5-2
Added Pin To Net: NetName=+38V Pin=Q3-3
Added Pin To Net: NetName=GND Pin=Q6-2
Added Pin To Net: NetName=+38V Pin=Q7-3
Added Pin To Net: NetName=GND Pin=Q8-2
Added Pin To Net: NetName=PUMP+ Pin=U1-1
Added Pin To Net: NetName=+24V Pin=U1-2
Added Pin To Net: NetName=GND Pin=U1-4
Added Pin To Net: NetName=PUMP- Pin=U8-1
Added Pin To Net: NetName=+24V Pin=U8-2
Added Pin To Net: NetName=GND Pin=U8-4
Added Pin To Net: NetName=NetC71_1 Pin=U8-8
Change Net Name : Old Net Name=NetQ3_2 New Net Name=OUT1
Change Net Name : Old Net Name=NetQ7_2 New Net Name=OUT2
Added Pin To Net: NetName=NetC72_2 Pin=C72-2
Added Pin To Net: NetName=NetC72_2 Pin=U1-8
Added Net: Name=NetC72_2
