Removed Pin From Net: NetName=NetC33_1 Pin=C33-1
Removed Pin From Net: NetName=NetC33_2 Pin=C33-2
Removed Pin From Net: NetName=NetC33_2 Pin=C43-1
Removed Pin From Net: NetName=NetC43_2 Pin=C43-2
Removed Pin From Net: NetName=RS485_P Pin=X3-1
Removed Pin From Net: NetName=RS485_N Pin=X3-2
Removed Pin From Net: NetName=GND Pin=X3-3
Removed Pin From Net: NetName=EMU Pin=X3-6
Removed Pin From Net: NetName=P_F Pin=X3-7
Removed Pin From Net: NetName=P_I Pin=X3-8
Removed Pin From Net: NetName=+EGB Pin=X3-15
Removed Member From Class: ClassName=aig21 Member=X3
Added Component: Designator=X1(53398-0671)
Added Pin To Net: NetName=NetC33_1 Pin=C33-1
Added Pin To Net: NetName=NetC33_2 Pin=C33-2
Added Pin To Net: NetName=NetC33_2 Pin=C43-1
Added Pin To Net: NetName=NetC43_2 Pin=C43-2
Added Pin To Net: NetName=RS485_P Pin=X1-1
Added Pin To Net: NetName=RS485_N Pin=X1-3
Added Pin To Net: NetName=GND Pin=X1-4
Added Pin To Net: NetName=P_F Pin=X1-5
Added Pin To Net: NetName=P_I Pin=X1-6
Added Pin To Net: NetName=+EGB Pin=X1-7
Added Member To Class: ClassName=aig21 Member=Component X1 53398-0671
