Removed Pin From Net: NetName=NetC10_2 Pin=C10-2
Removed Pin From Net: NetName=NetC33_1 Pin=C33-1
Removed Pin From Net: NetName=NetC33_2 Pin=C33-2
Removed Pin From Net: NetName=NetC33_2 Pin=C43-1
Removed Pin From Net: NetName=NetC43_2 Pin=C43-2
Removed Pin From Net: NetName=NetC15_1 Pin=C46-2
Removed Pin From Net: NetName=NetC43_2 Pin=C51-1
Removed Pin From Net: NetName=HV_1000 Pin=C55-1
Removed Pin From Net: NetName=NetC43_2 Pin=L5-1
Removed Pin From Net: NetName=-24V Pin=R19-1
Removed Pin From Net: NetName=NetC43_2 Pin=VD5-1
Removed Pin From Net: NetName=HV_1000 Pin=VD8-4
Added Component: Designator=C33(Ñ1206)
Added Component: Designator=C43(Ñ1206)
Added Pin To Net: NetName=NetC33_1 Pin=C33-1
Added Pin To Net: NetName=NetC33_2 Pin=C33-2
Added Pin To Net: NetName=HV_1000 Pin=C40-1
Added Pin To Net: NetName=NetC33_2 Pin=C43-1
Added Pin To Net: NetName=NetC43_2 Pin=C43-2
Added Pin To Net: NetName=NetC10_2 Pin=C46-2
Added Pin To Net: NetName=NetC43_2 Pin=C55-1
Added Pin To Net: NetName=HV_1000 Pin=VD7-4
Change Net Name : Old Net Name=-24V New Net Name=NetC50_2
Change Net Name : Old Net Name=NetC10_2 New Net Name=NetC46_2
Added Pin To Net: NetName=-24V Pin=R19-1
Added Net: Name=-24V
Added Pin To Net: NetName=NetC10_2 Pin=C10-2
Added Pin To Net: NetName=NetC10_2 Pin=C47-1
Added Pin To Net: NetName=NetC10_2 Pin=VD8-3
Added Net: Name=NetC10_2
Added Pin To Net: NetName=NetC48_2 Pin=C48-2
Added Pin To Net: NetName=NetC48_2 Pin=C51-1
Added Pin To Net: NetName=NetC48_2 Pin=L5-1
Added Pin To Net: NetName=NetC48_2 Pin=VD8-1
Added Net: Name=NetC48_2
Added Member To Class: ClassName=aig21 Member=Component C10 C1206
Added Member To Class: ClassName=aig21 Member=Component C33 C1206
Added Member To Class: ClassName=aig21 Member=Component C43 C1206
