Removed Pin From Net: NetName=NetC33_1 Pin=C33-1
Removed Pin From Net: NetName=NetC33_2 Pin=C33-2
Removed Pin From Net: NetName=NetC33_2 Pin=C43-1
Removed Pin From Net: NetName=NetC43_2 Pin=C43-2
Removed Pin From Net: NetName=NetR17_2 Pin=VT1-1
Removed Pin From Net: NetName=NetC5_1 Pin=VT1-3
Removed Pin From Net: NetName=HV_1000 Pin=VT1-4
Removed Member From Class: ClassName=aig21 Member=VT1
Change Component DesignItemId : Designator=VT2 Old DesignItemId=TRANS_DPAK New DesignItemId=BSP250
Change Component Footprint: Designator=VT2 Old Footprint=To-252 New Footprint=SOT223_N
Change Component Comment : Designator=VT2 Old Comment=Транзистор New Comment=BSP250
Change Component Designator: OldDesignator=Q3 NewDesignator=VT1
Added Component: Designator=C33(С1206)
Added Component: Designator=C43(С1206)
Added Pin To Net: NetName=NetC33_1 Pin=C33-1
Added Pin To Net: NetName=NetC33_2 Pin=C33-2
Added Pin To Net: NetName=NetC33_2 Pin=C43-1
Added Pin To Net: NetName=NetC43_2 Pin=C43-2
Added Pin To Net: NetName=NetR17_2 Pin=VT1-1
Added Pin To Net: NetName=HV_1000 Pin=VT1-2
Added Pin To Net: NetName=NetC5_1 Pin=VT1-3
Added Pin To Net: NetName=HV_1000 Pin=VT1-4
Added Pin To Net: NetName=NetC5_1 Pin=VT2-2
Added Member To Class: ClassName=aig21 Member=Component C33 C1206
Added Member To Class: ClassName=aig21 Member=Component C43 C1206
