Removed Pin From Net: NetName=+24V Pin=C4-1
Removed Pin From Net: NetName=NetC33_1 Pin=C33-1
Removed Pin From Net: NetName=NetC33_2 Pin=C33-2
Removed Pin From Net: NetName=+24V Pin=C42-1
Removed Pin From Net: NetName=NetC33_2 Pin=C43-1
Removed Pin From Net: NetName=NetC43_2 Pin=C43-2
Removed Pin From Net: NetName=+24V Pin=R1-1
Removed Pin From Net: NetName=+24V Pin=U1-8
Removed Pin From Net: NetName=+24V Pin=VD1-1
Removed Pin From Net: NetName=+24V Pin=VD1-2
Added Component: Designator=C33(Ñ1206)
Added Component: Designator=C43(Ñ1206)
Added Pin To Net: NetName=NetC33_1 Pin=C33-1
Added Pin To Net: NetName=NetC33_2 Pin=C33-2
Added Pin To Net: NetName=NetC33_2 Pin=C43-1
Added Pin To Net: NetName=NetC43_2 Pin=C43-2
Added Pin To Net: NetName=+38V Pin=C4-1
Added Pin To Net: NetName=+38V Pin=C42-1
Added Pin To Net: NetName=+38V Pin=R1-1
Added Pin To Net: NetName=+38V Pin=U1-8
Added Pin To Net: NetName=+38V Pin=VD1-1
Added Pin To Net: NetName=+38V Pin=VD1-2
Added Net: Name=+38V
Added Member To Class: ClassName=aig21 Member=Component C33 C1206
Added Member To Class: ClassName=aig21 Member=Component C43 C1206
