Removed Pin From Net: NetName=NetC33_1 Pin=C33-1
Removed Pin From Net: NetName=NetC33_2 Pin=C33-2
Removed Pin From Net: NetName=NetC33_2 Pin=C43-1
Removed Pin From Net: NetName=NetC43_2 Pin=C43-2
Removed Pin From Net: NetName=+3.3V Pin=R37-1
Added Component: Designator=C33(Ñ1206)
Added Component: Designator=C43(Ñ1206)
Added Pin To Net: NetName=NetC33_1 Pin=C33-1
Added Pin To Net: NetName=NetC33_2 Pin=C33-2
Added Pin To Net: NetName=NetC33_2 Pin=C43-1
Added Pin To Net: NetName=NetC43_2 Pin=C43-2
Added Pin To Net: NetName=NetR37_6 Pin=R37-6
Added Pin To Net: NetName=NetR37_6 Pin=U4-4
Added Net: Name=NetR37_6
Added Pin To Net: NetName=NetR37_8 Pin=R37-8
Added Pin To Net: NetName=NetR37_8 Pin=U4-5
Added Net: Name=NetR37_8
Added Class: Name=stm32f10c4_map
Added Member To Class: ClassName=aig21 Member=Component C33 C1206
Added Member To Class: ClassName=aig21 Member=Component C43 C1206
