Added Component: Designator=C1(CC0805)
Added Component: Designator=C2(CAPASITOR A)
Added Component: Designator=C3(CC0805)
Added Component: Designator=C4(CC0805)
Added Component: Designator=C5(CC0805)
Added Component: Designator=C6(CC0805)
Added Component: Designator=C7(CC0805)
Added Component: Designator=C8(CC0805)
Added Component: Designator=C9(CC0805)
Added Component: Designator=C10(CC0805)
Added Component: Designator=C11(CC0805)
Added Component: Designator=C12(CC0805)
Added Component: Designator=C13(CC0805)
Added Component: Designator=C14(CC0805)
Added Component: Designator=C15(CC0805)
Added Component: Designator=C16(CC0805)
Added Component: Designator=C17(CC0805)
Added Component: Designator=C18(CC0805)
Added Component: Designator=C19(CC0805)
Added Component: Designator=C20(CC0805)
Added Component: Designator=C21(CC0805)
Added Component: Designator=C22(CC0805)
Added Component: Designator=C23(CC0805)
Added Component: Designator=C24(CC0805)
Added Component: Designator=C25(CC0805)
Added Component: Designator=C26(CC0805)
Added Component: Designator=C27(CC0805)
Added Component: Designator=C28(CC0805)
Added Component: Designator=C29(CC0805)
Added Component: Designator=C30(CC0805)
Added Component: Designator=C31(CC0805)
Added Component: Designator=C32(CC0805)
Added Component: Designator=C33(CC0805)
Added Component: Designator=C34(CC0805)
Added Component: Designator=C35(CC0805)
Added Component: Designator=C36(CC0805)
Added Component: Designator=C37(CC0805)
Added Component: Designator=C38(CC0805)
Added Component: Designator=C39(CC0805)
Added Component: Designator=C40(CC0805)
Added Component: Designator=C41(CC0805)
Added Component: Designator=C42(CC0805)
Added Component: Designator=C43(CC0805)
Added Component: Designator=C44(CC0805)
Added Component: Designator=C45(CC0805)
Added Component: Designator=C46(CC0805)
Added Component: Designator=C47(CC0805)
Added Component: Designator=C48(CC0805)
Added Component: Designator=C49(CC0805)
Added Component: Designator=C50(CC0805)
Added Component: Designator=C51(CC0805)
Added Component: Designator=C52(CC0805)
Added Component: Designator=C53(CC1812)
Added Component: Designator=D1(SOT-363)
Added Component: Designator=D2(SOT-363)
Added Component: Designator=D3(SOT-363)
Added Component: Designator=D4(SOT-363)
Added Component: Designator=D5(SOT-363)
Added Component: Designator=D6(SOT-363)
Added Component: Designator=D7(SOT-363)
Added Component: Designator=D8(SOT-363)
Added Component: Designator=D9(SOT-363)
Added Component: Designator=D10(SOT-363)
Added Component: Designator=D11(SOT-363)
Added Component: Designator=DA1(LQFP48_N)
Added Component: Designator=DA2(S5-T_N)
Added Component: Designator=DA3(NSO8_N)
Added Component: Designator=L1(1812)
Added Component: Designator=L2(12-1812)
Added Component: Designator=L3(12-1812)
Added Component: Designator=Q1(TO-252AA)
Added Component: Designator=Q2(TO-252AA)
Added Component: Designator=R1(RR0805)
Added Component: Designator=R2(RR0805)
Added Component: Designator=R3(RR0805)
Added Component: Designator=R4(RR0805)
Added Component: Designator=R5(RR0805)
Added Component: Designator=R6(RR0805)
Added Component: Designator=R7(RR0805)
Added Component: Designator=R8(RR0805)
Added Component: Designator=R9(RR0805)
Added Component: Designator=R10(RR0805)
Added Component: Designator=R11(RR0805)
Added Component: Designator=R12(RR0805)
Added Component: Designator=R13(RR0805)
Added Component: Designator=R14(RR0805)
Added Component: Designator=R15(RR0805)
Added Component: Designator=R16(RR0805)
Added Component: Designator=R17(RR0805)
Added Component: Designator=R18(RR0805)
Added Component: Designator=R19(CAY16-F4)
Added Component: Designator=U1(751-02_N)
Added Component: Designator=U2(SOT23-5_N)
Added Component: Designator=U3(MF05A_N)
Added Component: Designator=VD1(SOT23_N)
Added Component: Designator=X1(idc10_2)
Added Component: Designator=X2(idc10_2)
Added Component: Designator=X3(idc10_2)
Added Pin To Net: NetName=+1.8V Pin=R19-3
Added Pin To Net: NetName=+1.8V Pin=U3-5
Added Net: Name=+1.8V
Added Pin To Net: NetName=+3.3V Pin=C1-2
Added Pin To Net: NetName=+3.3V Pin=C3-2
Added Pin To Net: NetName=+3.3V Pin=C7-2
Added Pin To Net: NetName=+3.3V Pin=C8-2
Added Pin To Net: NetName=+3.3V Pin=DA1-1
Added Pin To Net: NetName=+3.3V Pin=DA1-9
Added Pin To Net: NetName=+3.3V Pin=DA1-24
Added Pin To Net: NetName=+3.3V Pin=DA1-36
Added Pin To Net: NetName=+3.3V Pin=DA1-48
Added Pin To Net: NetName=+3.3V Pin=DA3-8
Added Pin To Net: NetName=+3.3V Pin=R4-1
Added Pin To Net: NetName=+3.3V Pin=R5-2
Added Pin To Net: NetName=+3.3V Pin=U2-5
Added Pin To Net: NetName=+3.3V Pin=U3-3
Added Pin To Net: NetName=+3.3V Pin=U3-4
Added Pin To Net: NetName=+3.3V Pin=X1-1
Added Pin To Net: NetName=+3.3V Pin=X2-1
Added Net: Name=+3.3V
Added Pin To Net: NetName=+24V Pin=C4-1
Added Pin To Net: NetName=+24V Pin=C5-1
Added Pin To Net: NetName=+24V Pin=R1-1
Added Pin To Net: NetName=+24V Pin=U1-8
Added Pin To Net: NetName=+24V Pin=VD1-1
Added Pin To Net: NetName=+24V Pin=VD1-2
Added Net: Name=+24V
Added Pin To Net: NetName=+EGB Pin=C2-1
Added Pin To Net: NetName=+EGB Pin=DA2-4
Added Pin To Net: NetName=+EGB Pin=DA2-5
Added Pin To Net: NetName=+EGB Pin=L1-1
Added Pin To Net: NetName=+EGB Pin=X3-10
Added Net: Name=+EGB
Added Pin To Net: NetName=2F Pin=DA1-46
Added Net: Name=2F
Added Pin To Net: NetName=DE Pin=DA1-25
Added Pin To Net: NetName=DE Pin=DA3-3
Added Net: Name=DE
Added Pin To Net: NetName=EASS Pin=DA1-13
Added Net: Name=EASS
Added Pin To Net: NetName=EHV Pin=DA1-14
Added Net: Name=EHV
Added Pin To Net: NetName=EMU1 Pin=DA1-15
Added Net: Name=EMU1
Added Pin To Net: NetName=EMU2 Pin=DA1-16
Added Net: Name=EMU2
Added Pin To Net: NetName=EMU Pin=X3-2
Added Net: Name=EMU
Added Pin To Net: NetName=F Pin=DA1-45
Added Net: Name=F
Added Pin To Net: NetName=GND_EXT Pin=C2-2
Added Pin To Net: NetName=GND_EXT Pin=C4-2
Added Pin To Net: NetName=GND_EXT Pin=DA2-2
Added Pin To Net: NetName=GND_EXT Pin=R2-2
Added Pin To Net: NetName=GND_EXT Pin=X3-4
Added Pin To Net: NetName=GND_EXT Pin=X3-5
Added Net: Name=GND_EXT
Added Pin To Net: NetName=GND Pin=C1-1
Added Pin To Net: NetName=GND Pin=C3-1
Added Pin To Net: NetName=GND Pin=C6-1
Added Pin To Net: NetName=GND Pin=C7-1
Added Pin To Net: NetName=GND Pin=C8-1
Added Pin To Net: NetName=GND Pin=C9-1
Added Pin To Net: NetName=GND Pin=C52-1
Added Pin To Net: NetName=GND Pin=C53-1
Added Pin To Net: NetName=GND Pin=DA1-8
Added Pin To Net: NetName=GND Pin=DA1-23
Added Pin To Net: NetName=GND Pin=DA1-35
Added Pin To Net: NetName=GND Pin=DA1-44
Added Pin To Net: NetName=GND Pin=DA1-47
Added Pin To Net: NetName=GND Pin=DA3-5
Added Pin To Net: NetName=GND Pin=R7-1
Added Pin To Net: NetName=GND Pin=R8-2
Added Pin To Net: NetName=GND Pin=R19-7
Added Pin To Net: NetName=GND Pin=U1-4
Added Pin To Net: NetName=GND Pin=U2-2
Added Pin To Net: NetName=GND Pin=X1-3
Added Pin To Net: NetName=GND Pin=X1-5
Added Pin To Net: NetName=GND Pin=X1-9
Added Pin To Net: NetName=GND Pin=X2-3
Added Pin To Net: NetName=GND Pin=X2-5
Added Pin To Net: NetName=GND Pin=X2-9
Added Net: Name=GND
Added Pin To Net: NetName=HV_SENSE Pin=R8-1
Added Pin To Net: NetName=HV_SENSE Pin=R9-2
Added Net: Name=HV_SENSE
Added Pin To Net: NetName=K=4 Pin=DA1-27
Added Net: Name=K=4
Added Pin To Net: NetName=K=8 Pin=DA1-28
Added Net: Name=K=8
Added Pin To Net: NetName=NetC5_2 Pin=C5-2
Added Pin To Net: NetName=NetC5_2 Pin=DA2-3
Added Pin To Net: NetName=NetC5_2 Pin=R1-2
Added Pin To Net: NetName=NetC5_2 Pin=R2-1
Added Net: Name=NetC5_2
Added Pin To Net: NetName=NetC9_2 Pin=C9-2
Added Pin To Net: NetName=NetC9_2 Pin=R4-2
Added Net: Name=NetC9_2
Added Pin To Net: NetName=NetC10_1 Pin=C10-1
Added Pin To Net: NetName=NetC10_1 Pin=C51-1
Added Pin To Net: NetName=NetC10_1 Pin=L2-1
Added Net: Name=NetC10_1
Added Pin To Net: NetName=NetC10_2 Pin=C10-2
Added Pin To Net: NetName=NetC10_2 Pin=C11-1
Added Pin To Net: NetName=NetC10_2 Pin=D1-3
Added Net: Name=NetC10_2
Added Pin To Net: NetName=NetC11_2 Pin=C11-2
Added Pin To Net: NetName=NetC11_2 Pin=C12-1
Added Pin To Net: NetName=NetC11_2 Pin=D2-6
Added Net: Name=NetC11_2
Added Pin To Net: NetName=NetC12_2 Pin=C12-2
Added Pin To Net: NetName=NetC12_2 Pin=C13-1
Added Pin To Net: NetName=NetC12_2 Pin=D2-3
Added Net: Name=NetC12_2
Added Pin To Net: NetName=NetC13_2 Pin=C13-2
Added Pin To Net: NetName=NetC13_2 Pin=C14-1
Added Pin To Net: NetName=NetC13_2 Pin=D3-6
Added Net: Name=NetC13_2
Added Pin To Net: NetName=NetC14_2 Pin=C14-2
Added Pin To Net: NetName=NetC14_2 Pin=C15-1
Added Pin To Net: NetName=NetC14_2 Pin=D3-3
Added Net: Name=NetC14_2
Added Pin To Net: NetName=NetC15_2 Pin=C15-2
Added Pin To Net: NetName=NetC15_2 Pin=C16-1
Added Pin To Net: NetName=NetC15_2 Pin=D4-6
Added Net: Name=NetC15_2
Added Pin To Net: NetName=NetC16_2 Pin=C16-2
Added Pin To Net: NetName=NetC16_2 Pin=C17-1
Added Pin To Net: NetName=NetC16_2 Pin=D4-3
Added Net: Name=NetC16_2
Added Pin To Net: NetName=NetC17_2 Pin=C17-2
Added Pin To Net: NetName=NetC17_2 Pin=C18-1
Added Pin To Net: NetName=NetC17_2 Pin=D5-6
Added Net: Name=NetC17_2
Added Pin To Net: NetName=NetC18_2 Pin=C18-2
Added Pin To Net: NetName=NetC18_2 Pin=C19-1
Added Pin To Net: NetName=NetC18_2 Pin=D5-3
Added Net: Name=NetC18_2
Added Pin To Net: NetName=NetC19_2 Pin=C19-2
Added Pin To Net: NetName=NetC19_2 Pin=C20-1
Added Pin To Net: NetName=NetC19_2 Pin=D6-6
Added Net: Name=NetC19_2
Added Pin To Net: NetName=NetC20_2 Pin=C20-2
Added Pin To Net: NetName=NetC20_2 Pin=C21-1
Added Pin To Net: NetName=NetC20_2 Pin=D6-3
Added Net: Name=NetC20_2
Added Pin To Net: NetName=NetC21_2 Pin=C21-2
Added Pin To Net: NetName=NetC21_2 Pin=C22-1
Added Pin To Net: NetName=NetC21_2 Pin=D7-6
Added Net: Name=NetC21_2
Added Pin To Net: NetName=NetC22_2 Pin=C22-2
Added Pin To Net: NetName=NetC22_2 Pin=C23-1
Added Pin To Net: NetName=NetC22_2 Pin=D7-3
Added Net: Name=NetC22_2
Added Pin To Net: NetName=NetC23_2 Pin=C23-2
Added Pin To Net: NetName=NetC23_2 Pin=C24-1
Added Pin To Net: NetName=NetC23_2 Pin=D8-6
Added Net: Name=NetC23_2
Added Pin To Net: NetName=NetC24_2 Pin=C24-2
Added Pin To Net: NetName=NetC24_2 Pin=C25-1
Added Pin To Net: NetName=NetC24_2 Pin=D8-3
Added Net: Name=NetC24_2
Added Pin To Net: NetName=NetC25_2 Pin=C25-2
Added Pin To Net: NetName=NetC25_2 Pin=C26-1
Added Pin To Net: NetName=NetC25_2 Pin=D9-6
Added Net: Name=NetC25_2
Added Pin To Net: NetName=NetC26_2 Pin=C26-2
Added Pin To Net: NetName=NetC26_2 Pin=C27-1
Added Pin To Net: NetName=NetC26_2 Pin=D9-3
Added Net: Name=NetC26_2
Added Pin To Net: NetName=NetC27_2 Pin=C27-2
Added Pin To Net: NetName=NetC27_2 Pin=C28-1
Added Pin To Net: NetName=NetC27_2 Pin=D1-6
Added Net: Name=NetC27_2
Added Pin To Net: NetName=NetC28_2 Pin=C28-2
Added Pin To Net: NetName=NetC28_2 Pin=C29-1
Added Pin To Net: NetName=NetC28_2 Pin=D10-6
Added Net: Name=NetC28_2
Added Pin To Net: NetName=NetC29_2 Pin=C29-2
Added Pin To Net: NetName=NetC29_2 Pin=D10-3
Added Net: Name=NetC29_2
Added Pin To Net: NetName=NetC30_1 Pin=C30-1
Added Pin To Net: NetName=NetC30_1 Pin=D1-4
Added Pin To Net: NetName=NetC30_1 Pin=D11-6
Added Pin To Net: NetName=NetC30_1 Pin=L3-1
Added Net: Name=NetC30_1
Added Pin To Net: NetName=NetC30_2 Pin=C30-2
Added Pin To Net: NetName=NetC30_2 Pin=C31-1
Added Pin To Net: NetName=NetC30_2 Pin=D1-5
Added Net: Name=NetC30_2
Added Pin To Net: NetName=NetC31_2 Pin=C31-2
Added Pin To Net: NetName=NetC31_2 Pin=C32-1
Added Pin To Net: NetName=NetC31_2 Pin=D2-2
Added Pin To Net: NetName=NetC31_2 Pin=D2-4
Added Net: Name=NetC31_2
Added Pin To Net: NetName=NetC32_2 Pin=C32-2
Added Pin To Net: NetName=NetC32_2 Pin=C33-1
Added Pin To Net: NetName=NetC32_2 Pin=D2-5
Added Net: Name=NetC32_2
Added Pin To Net: NetName=NetC33_2 Pin=C33-2
Added Pin To Net: NetName=NetC33_2 Pin=C34-1
Added Pin To Net: NetName=NetC33_2 Pin=D3-2
Added Pin To Net: NetName=NetC33_2 Pin=D3-4
Added Net: Name=NetC33_2
Added Pin To Net: NetName=NetC34_2 Pin=C34-2
Added Pin To Net: NetName=NetC34_2 Pin=C35-1
Added Pin To Net: NetName=NetC34_2 Pin=D3-5
Added Net: Name=NetC34_2
Added Pin To Net: NetName=NetC35_2 Pin=C35-2
Added Pin To Net: NetName=NetC35_2 Pin=C36-1
Added Pin To Net: NetName=NetC35_2 Pin=D4-2
Added Pin To Net: NetName=NetC35_2 Pin=D4-4
Added Net: Name=NetC35_2
Added Pin To Net: NetName=NetC36_2 Pin=C36-2
Added Pin To Net: NetName=NetC36_2 Pin=C37-1
Added Pin To Net: NetName=NetC36_2 Pin=D4-5
Added Net: Name=NetC36_2
Added Pin To Net: NetName=NetC37_2 Pin=C37-2
Added Pin To Net: NetName=NetC37_2 Pin=C38-1
Added Pin To Net: NetName=NetC37_2 Pin=D5-2
Added Pin To Net: NetName=NetC37_2 Pin=D5-4
Added Net: Name=NetC37_2
Added Pin To Net: NetName=NetC38_2 Pin=C38-2
Added Pin To Net: NetName=NetC38_2 Pin=C39-1
Added Pin To Net: NetName=NetC38_2 Pin=D5-5
Added Net: Name=NetC38_2
Added Pin To Net: NetName=NetC39_2 Pin=C39-2
Added Pin To Net: NetName=NetC39_2 Pin=C40-1
Added Pin To Net: NetName=NetC39_2 Pin=D6-2
Added Pin To Net: NetName=NetC39_2 Pin=D6-4
Added Net: Name=NetC39_2
Added Pin To Net: NetName=NetC40_2 Pin=C40-2
Added Pin To Net: NetName=NetC40_2 Pin=C41-1
Added Pin To Net: NetName=NetC40_2 Pin=D6-5
Added Net: Name=NetC40_2
Added Pin To Net: NetName=NetC41_2 Pin=C41-2
Added Pin To Net: NetName=NetC41_2 Pin=C42-1
Added Pin To Net: NetName=NetC41_2 Pin=D7-2
Added Pin To Net: NetName=NetC41_2 Pin=D7-4
Added Net: Name=NetC41_2
Added Pin To Net: NetName=NetC42_2 Pin=C42-2
Added Pin To Net: NetName=NetC42_2 Pin=C43-1
Added Pin To Net: NetName=NetC42_2 Pin=D7-5
Added Net: Name=NetC42_2
Added Pin To Net: NetName=NetC43_2 Pin=C43-2
Added Pin To Net: NetName=NetC43_2 Pin=C44-1
Added Pin To Net: NetName=NetC43_2 Pin=D8-2
Added Pin To Net: NetName=NetC43_2 Pin=D8-4
Added Net: Name=NetC43_2
Added Pin To Net: NetName=NetC44_2 Pin=C44-2
Added Pin To Net: NetName=NetC44_2 Pin=C45-1
Added Pin To Net: NetName=NetC44_2 Pin=D8-5
Added Net: Name=NetC44_2
Added Pin To Net: NetName=NetC45_2 Pin=C45-2
Added Pin To Net: NetName=NetC45_2 Pin=C46-1
Added Pin To Net: NetName=NetC45_2 Pin=D9-2
Added Pin To Net: NetName=NetC45_2 Pin=D9-4
Added Net: Name=NetC45_2
Added Pin To Net: NetName=NetC46_2 Pin=C46-2
Added Pin To Net: NetName=NetC46_2 Pin=C47-1
Added Net: Name=NetC46_2
Added Pin To Net: NetName=NetC47_2 Pin=C47-2
Added Pin To Net: NetName=NetC47_2 Pin=C48-1
Added Net: Name=NetC47_2
Added Pin To Net: NetName=NetC48_2 Pin=C48-2
Added Pin To Net: NetName=NetC48_2 Pin=C49-1
Added Pin To Net: NetName=NetC48_2 Pin=D10-2
Added Pin To Net: NetName=NetC48_2 Pin=D10-4
Added Net: Name=NetC48_2
Added Pin To Net: NetName=NetC49_2 Pin=C49-2
Added Pin To Net: NetName=NetC49_2 Pin=C53-2
Added Pin To Net: NetName=NetC49_2 Pin=D10-5
Added Pin To Net: NetName=NetC49_2 Pin=R18-1
Added Net: Name=NetC49_2
Added Pin To Net: NetName=NetC50_1 Pin=C50-1
Added Pin To Net: NetName=NetC50_1 Pin=C51-2
Added Pin To Net: NetName=NetC50_1 Pin=D11-1
Added Net: Name=NetC50_1
Added Pin To Net: NetName=NetC50_2 Pin=C50-2
Added Pin To Net: NetName=NetC50_2 Pin=C52-2
Added Pin To Net: NetName=NetC50_2 Pin=D11-2
Added Net: Name=NetC50_2
Added Pin To Net: NetName=NetD1_1 Pin=D1-1
Added Pin To Net: NetName=NetD1_1 Pin=D9-5
Added Net: Name=NetD1_1
Added Pin To Net: NetName=NetD1_2 Pin=D1-2
Added Pin To Net: NetName=NetD1_2 Pin=D10-1
Added Net: Name=NetD1_2
Added Pin To Net: NetName=NetDA2_1 Pin=DA2-1
Added Pin To Net: NetName=NetDA2_1 Pin=L1-2
Added Pin To Net: NetName=NetDA2_1 Pin=VD1-3
Added Net: Name=NetDA2_1
Added Pin To Net: NetName=NetL2_2 Pin=L2-2
Added Pin To Net: NetName=NetL2_2 Pin=U1-1
Added Net: Name=NetL2_2
Added Pin To Net: NetName=NetL3_2 Pin=L3-2
Added Pin To Net: NetName=NetL3_2 Pin=U1-7
Added Net: Name=NetL3_2
Added Pin To Net: NetName=NetQ1_3 Pin=Q1-3
Added Pin To Net: NetName=NetQ1_3 Pin=Q2-4
Added Net: Name=NetQ1_3
Added Pin To Net: NetName=NetR9_1 Pin=R9-1
Added Pin To Net: NetName=NetR9_1 Pin=R10-2
Added Net: Name=NetR9_1
Added Pin To Net: NetName=NetR10_1 Pin=R10-1
Added Pin To Net: NetName=NetR10_1 Pin=R11-2
Added Net: Name=NetR10_1
Added Pin To Net: NetName=NetR11_1 Pin=R11-1
Added Pin To Net: NetName=NetR11_1 Pin=R12-2
Added Net: Name=NetR11_1
Added Pin To Net: NetName=NetR12_1 Pin=R12-1
Added Pin To Net: NetName=NetR12_1 Pin=R13-2
Added Net: Name=NetR12_1
Added Pin To Net: NetName=NetR13_1 Pin=R13-1
Added Pin To Net: NetName=NetR13_1 Pin=R14-2
Added Net: Name=NetR13_1
Added Pin To Net: NetName=NetR14_1 Pin=R14-1
Added Pin To Net: NetName=NetR14_1 Pin=R15-2
Added Net: Name=NetR14_1
Added Pin To Net: NetName=NetR15_1 Pin=R15-1
Added Pin To Net: NetName=NetR15_1 Pin=R16-2
Added Net: Name=NetR15_1
Added Pin To Net: NetName=NetR16_1 Pin=R16-1
Added Pin To Net: NetName=NetR16_1 Pin=R17-2
Added Net: Name=NetR16_1
Added Pin To Net: NetName=NetR17_1 Pin=R17-1
Added Pin To Net: NetName=NetR17_1 Pin=R18-2
Added Net: Name=NetR17_1
Added Pin To Net: NetName=NetR19_1 Pin=R19-1
Added Pin To Net: NetName=NetR19_1 Pin=U2-1
Added Net: Name=NetR19_1
Added Pin To Net: NetName=NetR19_2 Pin=R19-2
Added Pin To Net: NetName=NetR19_2 Pin=R19-4
Added Pin To Net: NetName=NetR19_2 Pin=U2-4
Added Net: Name=NetR19_2
Added Pin To Net: NetName=NetR19_5 Pin=R19-5
Added Pin To Net: NetName=NetR19_5 Pin=R19-6
Added Pin To Net: NetName=NetR19_5 Pin=R19-8
Added Pin To Net: NetName=NetR19_5 Pin=U2-3
Added Net: Name=NetR19_5
Added Pin To Net: NetName=P_F Pin=DA1-33
Added Pin To Net: NetName=P_F Pin=X3-6
Added Net: Name=P_F
Added Pin To Net: NetName=P_I Pin=DA1-32
Added Pin To Net: NetName=P_I Pin=X3-8
Added Net: Name=P_I
Added Pin To Net: NetName=PUMP+ Pin=DA1-40
Added Pin To Net: NetName=PUMP+ Pin=U1-2
Added Pin To Net: NetName=PUMP+ Pin=U1-5
Added Net: Name=PUMP+
Added Pin To Net: NetName=PUMP- Pin=DA1-41
Added Pin To Net: NetName=PUMP- Pin=U1-3
Added Pin To Net: NetName=PUMP- Pin=U1-6
Added Net: Name=PUMP-
Added Pin To Net: NetName=R\E\S\E\T\ Pin=C6-2
Added Pin To Net: NetName=R\E\S\E\T\ Pin=DA1-7
Added Pin To Net: NetName=R\E\S\E\T\ Pin=R3-2
Added Pin To Net: NetName=R\E\S\E\T\ Pin=X1-10
Added Pin To Net: NetName=R\E\S\E\T\ Pin=X2-10
Added Net: Name=R\E\S\E\T\
Added Pin To Net: NetName=R\E\ Pin=DA1-26
Added Pin To Net: NetName=R\E\ Pin=DA3-2
Added Net: Name=R\E\
Added Pin To Net: NetName=RS485_N Pin=DA3-7
Added Pin To Net: NetName=RS485_N Pin=R6-1
Added Pin To Net: NetName=RS485_N Pin=R7-2
Added Pin To Net: NetName=RS485_N Pin=X3-3
Added Net: Name=RS485_N
Added Pin To Net: NetName=RS485_P Pin=DA3-6
Added Pin To Net: NetName=RS485_P Pin=R5-1
Added Pin To Net: NetName=RS485_P Pin=R6-2
Added Pin To Net: NetName=RS485_P Pin=X3-1
Added Net: Name=RS485_P
Added Pin To Net: NetName=RX Pin=DA1-31
Added Pin To Net: NetName=RX Pin=DA3-1
Added Pin To Net: NetName=RX Pin=X3-9
Added Net: Name=RX
Added Pin To Net: NetName=TCK Pin=DA1-37
Added Pin To Net: NetName=TCK Pin=X1-4
Added Pin To Net: NetName=TCK Pin=X2-4
Added Net: Name=TCK
Added Pin To Net: NetName=TDI Pin=DA1-38
Added Pin To Net: NetName=TDI Pin=X1-8
Added Pin To Net: NetName=TDI Pin=X2-8
Added Net: Name=TDI
Added Pin To Net: NetName=TDO Pin=DA1-39
Added Pin To Net: NetName=TDO Pin=X1-6
Added Pin To Net: NetName=TDO Pin=X2-6
Added Net: Name=TDO
Added Pin To Net: NetName=TMS Pin=DA1-34
Added Pin To Net: NetName=TMS Pin=X1-2
Added Pin To Net: NetName=TMS Pin=X2-2
Added Net: Name=TMS
Added Pin To Net: NetName=TX Pin=DA1-30
Added Pin To Net: NetName=TX Pin=DA3-4
Added Pin To Net: NetName=TX Pin=X3-7
Added Net: Name=TX
Added Class: Name=aig21
Added Differential Pair: Name=RS485
Added Room: Name=aig21
