Removed Pin From Net: NetName=NetC33_1 Pin=C33-1
Removed Pin From Net: NetName=NetC33_2 Pin=C33-2
Removed Pin From Net: NetName=NetC33_2 Pin=C43-1
Removed Pin From Net: NetName=NetC43_2 Pin=C43-2
Added Component: Designator=R37(CAY16-F4)
Added Pin To Net: NetName=NetC33_1 Pin=C33-1
Added Pin To Net: NetName=NetC33_2 Pin=C33-2
Added Pin To Net: NetName=NetC33_2 Pin=C43-1
Added Pin To Net: NetName=NetC43_2 Pin=C43-2
Added Pin To Net: NetName=+3.3V Pin=R37-1
Added Pin To Net: NetName=+3.3V Pin=R37-3
Added Pin To Net: NetName=+3.3V Pin=R37-5
Added Pin To Net: NetName=+3.3V Pin=R37-7
Added Pin To Net: NetName=NetR37_2 Pin=R37-2
Added Pin To Net: NetName=NetR37_2 Pin=U4-3
Added Net: Name=NetR37_2
Added Pin To Net: NetName=NetR37_4 Pin=R37-4
Added Pin To Net: NetName=NetR37_4 Pin=U4-4
Added Net: Name=NetR37_4
Added Member To Class: ClassName=aig21 Member=Component R37 CAY16-J4
