Removed Pin From Net: NetName=NetC33_1 Pin=C33-1
Removed Pin From Net: NetName=NetC33_2 Pin=C33-2
Removed Pin From Net: NetName=NetC33_2 Pin=C43-1
Removed Pin From Net: NetName=NetC43_2 Pin=C43-2
Removed Pin From Net: NetName=+24V Pin=Q1-3
Removed Pin From Net: NetName=SHIFT_PWM Pin=Q2-1
Removed Pin From Net: NetName=NetC9_2 Pin=R19-1
Removed Pin From Net: NetName=GND Pin=R19-2
Removed Pin From Net: NetName=NetC9_2 Pin=R29-1
Removed Member From Class: ClassName=aig21 Member=R11
Removed Member From Class: ClassName=aig21 Member=R29
Change Component DesignItemId : Designator=Q2 Old DesignItemId=2N7002 New DesignItemId=BSH201
Change Component Comment : Designator=Q2 Old Comment=2N7002 New Comment=BSH201
Change Component Description : Designator=Q2 Old Description=N-channel Enhancement Mode Field-effect Transistor New Description=P-channel Enhancement Mode MOSFET
Added Component: Designator=C33(Ñ1206)
Added Component: Designator=C43(Ñ1206)
Added Pin To Net: NetName=NetC33_1 Pin=C33-1
Added Pin To Net: NetName=NetC33_2 Pin=C33-2
Added Pin To Net: NetName=NetC33_2 Pin=C43-1
Added Pin To Net: NetName=NetC43_2 Pin=C43-2
Added Pin To Net: NetName=GND Pin=C50-2
Added Pin To Net: NetName=GND Pin=C52-2
Added Pin To Net: NetName=GND Pin=D2-1
Added Pin To Net: NetName=SHIFT_PWM Pin=Q1-1
Added Pin To Net: NetName=GND Pin=Q1-2
Added Pin To Net: NetName=NetC9_2 Pin=Q2-3
Added Pin To Net: NetName=GND Pin=R19-1
Added Pin To Net: NetName=NetC9_2 Pin=R19-2
Added Pin To Net: NetName=+24V Pin=R20-2
Change Net Name : Old Net Name=GND New Net Name=-24V
Added Pin To Net: NetName=NetQ1_3 Pin=Q1-3
Added Pin To Net: NetName=NetQ1_3 Pin=Q2-1
Added Pin To Net: NetName=NetQ1_3 Pin=R20-1
Added Net: Name=NetQ1_3
Added Member To Class: ClassName=aig21 Member=Component C33 C1206
Added Member To Class: ClassName=aig21 Member=Component C43 C1206
