Change Component Designator: OldDesignator=Q? NewDesignator=Q1
Change Component Designator: OldDesignator=Q? NewDesignator=Q2
Change Component Designator: OldDesignator=R? NewDesignator=R10
Change Component Designator: OldDesignator=R? NewDesignator=R21
Change Component Designator: OldDesignator=R? NewDesignator=R22
Change Component Designator: OldDesignator=R? NewDesignator=R23
Change Component Designator: OldDesignator=R? NewDesignator=R24
Change Component Designator: OldDesignator=R? NewDesignator=R25
Change Component Designator: OldDesignator=R? NewDesignator=R26
Change Component Designator: OldDesignator=R? NewDesignator=R27
Change Component Designator: OldDesignator=R? NewDesignator=R28
Change Component Designator: OldDesignator=R? NewDesignator=R29
Change Component Designator: OldDesignator=R? NewDesignator=R30
Change Component Designator: OldDesignator=U? NewDesignator=U3
Added Pin To Net: NetName=-24V Pin=Q2-2
Added Pin To Net: NetName=+3.3V Pin=R10-1
Added Pin To Net: NetName=EMU Pin=R10-2
Added Pin To Net: NetName=EMU Pin=R10-4
Added Pin To Net: NetName=GND Pin=R10-6
Added Pin To Net: NetName=NetC54_1 Pin=R21-1
Added Pin To Net: NetName=NetR9_1 Pin=R27-2
Added Pin To Net: NetName=NetR9_1 Pin=R29-1
Added Pin To Net: NetName=-24V Pin=R30-1
Added Pin To Net: NetName=NetQ1_1 Pin=Q1-1
Added Pin To Net: NetName=NetQ1_1 Pin=Q2-3
Added Pin To Net: NetName=NetQ1_1 Pin=R11-1
Added Net: Name=NetQ1_1
Added Pin To Net: NetName=NetQ1_2 Pin=Q1-2
Added Pin To Net: NetName=NetQ1_2 Pin=R29-2
Added Pin To Net: NetName=NetQ1_2 Pin=R30-2
Added Net: Name=NetQ1_2
Added Pin To Net: NetName=NetR10_3 Pin=R10-3
Added Pin To Net: NetName=NetR10_3 Pin=R10-5
Added Pin To Net: NetName=NetR10_3 Pin=R19-1
Added Pin To Net: NetName=NetR10_3 Pin=U2-1
Added Net: Name=NetR10_3
Added Pin To Net: NetName=NetR21_2 Pin=R21-2
Added Pin To Net: NetName=NetR21_2 Pin=R22-1
Added Net: Name=NetR21_2
Added Pin To Net: NetName=NetR22_2 Pin=R22-2
Added Pin To Net: NetName=NetR22_2 Pin=R23-1
Added Net: Name=NetR22_2
Added Pin To Net: NetName=NetR23_2 Pin=R23-2
Added Pin To Net: NetName=NetR23_2 Pin=R24-1
Added Net: Name=NetR23_2
Added Pin To Net: NetName=NetR24_2 Pin=R24-2
Added Pin To Net: NetName=NetR24_2 Pin=R25-1
Added Net: Name=NetR24_2
Added Pin To Net: NetName=NetR25_2 Pin=R25-2
Added Pin To Net: NetName=NetR25_2 Pin=R26-1
Added Net: Name=NetR25_2
Added Pin To Net: NetName=NetR26_2 Pin=R26-2
Added Pin To Net: NetName=NetR26_2 Pin=R27-1
Added Net: Name=NetR26_2
Added Member To Class: ClassName=aig21 Member=Component Q1 2N7002
Added Member To Class: ClassName=aig21 Member=Component R20 CAY16-J4
Added Member To Class: ClassName=aig21 Member=Component R21 
Added Member To Class: ClassName=aig21 Member=Component R22 
Added Member To Class: ClassName=aig21 Member=Component R23 
Added Member To Class: ClassName=aig21 Member=Component R24 
Added Member To Class: ClassName=aig21 Member=Component R25 
Added Member To Class: ClassName=aig21 Member=Component R26 
Added Member To Class: ClassName=aig21 Member=Component R27 
Added Member To Class: ClassName=aig21 Member=Component R29 
Added Member To Class: ClassName=aig21 Member=Component R30 
